<?xml version="1.0" encoding="UTF-8"?>
<testsuite xmlns:xsi="http://www.w3.org/2001/XMLSchema-instance" xsi:noNamespaceSchemaLocation="https://maven.apache.org/surefire/maven-surefire-plugin/xsd/surefire-test-report.xsd" name="org.ordersample.customerservice.controller.CustomerServiceControllerTest" time="18.734" tests="8" errors="0" skipped="0" failures="0">
  <properties>
    <property name="sun.desktop" value="gnome"/>
    <property name="awt.toolkit" value="sun.awt.X11.XToolkit"/>
    <property name="file.encoding.pkg" value="sun.io"/>
    <property name="java.specification.version" value="1.8"/>
    <property name="sun.cpu.isalist" value=""/>
    <property name="sonar.host.url" value="http://localhost:9000"/>
    <property name="sonar.login" value="f9079932fbed11006fe9298caacbc6930fa9326b"/>
    <property name="sun.jnu.encoding" value="UTF-8"/>
    <property name="java.class.path" value="/media/carlos/Data/Documents/order-processing-system/customer-service/target/test-classes:/media/carlos/Data/Documents/order-processing-system/customer-service/target/classes:/home/carlos/.m2/repository/org/ordersample/domain-info/0.0.1-SNAPSHOT/domain-info-0.0.1-SNAPSHOT.jar:/home/carlos/.m2/repository/io/eventuate/tram/core/eventuate-tram-events/0.6.0.RELEASE/eventuate-tram-events-0.6.0.RELEASE.jar:/home/carlos/.m2/repository/io/eventuate/tram/core/eventuate-tram-messaging/0.6.0.RELEASE/eventuate-tram-messaging-0.6.0.RELEASE.jar:/home/carlos/.m2/repository/io/eventuate/client/java/eventuate-client-java-common-impl/0.20.1.RELEASE/eventuate-client-java-common-impl-0.20.1.RELEASE.jar:/home/carlos/.m2/repository/io/eventuate/client/java/eventuate-client-java/0.20.1.RELEASE/eventuate-client-java-0.20.1.RELEASE.jar:/home/carlos/.m2/repository/io/eventuate/tram/core/eventuate-tram-commands/0.6.0.RELEASE/eventuate-tram-commands-0.6.0.RELEASE.jar:/home/carlos/.m2/repository/io/eventuate/tram/sagas/eventuate-jpa-sagas-framework/0.5.0.RELEASE/eventuate-jpa-sagas-framework-0.5.0.RELEASE.jar:/home/carlos/.m2/repository/io/eventuate/client/java/eventuate-client-java-jdbc-common/0.20.1.RELEASE/eventuate-client-java-jdbc-common-0.20.1.RELEASE.jar:/home/carlos/.m2/repository/io/eventuate/tram/sagas/eventuate-tram-sagas-simple-dsl/0.5.0.RELEASE/eventuate-tram-sagas-simple-dsl-0.5.0.RELEASE.jar:/home/carlos/.m2/repository/io/eventuate/tram/core/eventuate-tram-jdbc-kafka/0.6.0.RELEASE/eventuate-tram-jdbc-kafka-0.6.0.RELEASE.jar:/home/carlos/.m2/repository/io/eventuate/tram/core/eventuate-tram-consumer-kafka/0.6.0.RELEASE/eventuate-tram-consumer-kafka-0.6.0.RELEASE.jar:/home/carlos/.m2/repository/io/eventuate/local/java/eventuate-local-java-kafka/0.17.0.RELEASE/eventuate-local-java-kafka-0.17.0.RELEASE.jar:/home/carlos/.m2/repository/org/apache/kafka/kafka-clients/1.0.2/kafka-clients-1.0.2.jar:/home/carlos/.m2/repository/org/lz4/lz4-java/1.4/lz4-java-1.4.jar:/home/carlos/.m2/repository/org/xerial/snappy/snappy-java/1.1.4/snappy-java-1.1.4.jar:/home/carlos/.m2/repository/org/hibernate/hibernate-validator/5.2.3.Final/hibernate-validator-5.2.3.Final.jar:/home/carlos/.m2/repository/org/postgresql/postgresql/42.2.5/postgresql-42.2.5.jar:/home/carlos/.m2/repository/io/eventuate/local/java/eventuate-local-java-common/0.17.0.RELEASE/eventuate-local-java-common-0.17.0.RELEASE.jar:/home/carlos/.m2/repository/io/eventuate/tram/core/eventuate-tram-producer-jdbc/0.6.0.RELEASE/eventuate-tram-producer-jdbc-0.6.0.RELEASE.jar:/home/carlos/.m2/repository/io/springfox/springfox-swagger2/2.9.2/springfox-swagger2-2.9.2.jar:/home/carlos/.m2/repository/io/swagger/swagger-annotations/1.5.20/swagger-annotations-1.5.20.jar:/home/carlos/.m2/repository/io/swagger/swagger-models/1.5.20/swagger-models-1.5.20.jar:/home/carlos/.m2/repository/com/fasterxml/jackson/core/jackson-annotations/2.9.0/jackson-annotations-2.9.0.jar:/home/carlos/.m2/repository/io/springfox/springfox-spi/2.9.2/springfox-spi-2.9.2.jar:/home/carlos/.m2/repository/io/springfox/springfox-core/2.9.2/springfox-core-2.9.2.jar:/home/carlos/.m2/repository/io/springfox/springfox-schema/2.9.2/springfox-schema-2.9.2.jar:/home/carlos/.m2/repository/io/springfox/springfox-swagger-common/2.9.2/springfox-swagger-common-2.9.2.jar:/home/carlos/.m2/repository/io/springfox/springfox-spring-web/2.9.2/springfox-spring-web-2.9.2.jar:/home/carlos/.m2/repository/com/google/guava/guava/20.0/guava-20.0.jar:/home/carlos/.m2/repository/com/fasterxml/classmate/1.3.4/classmate-1.3.4.jar:/home/carlos/.m2/repository/org/slf4j/slf4j-api/1.7.25/slf4j-api-1.7.25.jar:/home/carlos/.m2/repository/org/springframework/plugin/spring-plugin-core/1.2.0.RELEASE/spring-plugin-core-1.2.0.RELEASE.jar:/home/carlos/.m2/repository/org/springframework/plugin/spring-plugin-metadata/1.2.0.RELEASE/spring-plugin-metadata-1.2.0.RELEASE.jar:/home/carlos/.m2/repository/org/mapstruct/mapstruct/1.2.0.Final/mapstruct-1.2.0.Final.jar:/home/carlos/.m2/repository/io/springfox/springfox-swagger-ui/2.9.2/springfox-swagger-ui-2.9.2.jar:/home/carlos/.m2/repository/mysql/mysql-connector-java/5.1.47/mysql-connector-java-5.1.47.jar:/home/carlos/.m2/repository/org/projectlombok/lombok/1.16.22/lombok-1.16.22.jar:/home/carlos/.m2/repository/io/micrometer/micrometer-core/1.0.6/micrometer-core-1.0.6.jar:/home/carlos/.m2/repository/org/hdrhistogram/HdrHistogram/2.1.10/HdrHistogram-2.1.10.jar:/home/carlos/.m2/repository/org/latencyutils/LatencyUtils/2.0.3/LatencyUtils-2.0.3.jar:/home/carlos/.m2/repository/io/micrometer/micrometer-registry-prometheus/1.0.6/micrometer-registry-prometheus-1.0.6.jar:/home/carlos/.m2/repository/io/prometheus/simpleclient_common/0.4.0/simpleclient_common-0.4.0.jar:/home/carlos/.m2/repository/io/prometheus/simpleclient/0.4.0/simpleclient-0.4.0.jar:/home/carlos/.m2/repository/org/springframework/boot/spring-boot-starter-data-jpa/2.0.5.RELEASE/spring-boot-starter-data-jpa-2.0.5.RELEASE.jar:/home/carlos/.m2/repository/org/springframework/boot/spring-boot-starter/2.0.5.RELEASE/spring-boot-starter-2.0.5.RELEASE.jar:/home/carlos/.m2/repository/org/springframework/boot/spring-boot/2.0.5.RELEASE/spring-boot-2.0.5.RELEASE.jar:/home/carlos/.m2/repository/org/springframework/boot/spring-boot-autoconfigure/2.0.5.RELEASE/spring-boot-autoconfigure-2.0.5.RELEASE.jar:/home/carlos/.m2/repository/org/springframework/boot/spring-boot-starter-logging/2.0.5.RELEASE/spring-boot-starter-logging-2.0.5.RELEASE.jar:/home/carlos/.m2/repository/ch/qos/logback/logback-classic/1.2.3/logback-classic-1.2.3.jar:/home/carlos/.m2/repository/ch/qos/logback/logback-core/1.2.3/logback-core-1.2.3.jar:/home/carlos/.m2/repository/org/apache/logging/log4j/log4j-to-slf4j/2.10.0/log4j-to-slf4j-2.10.0.jar:/home/carlos/.m2/repository/org/apache/logging/log4j/log4j-api/2.10.0/log4j-api-2.10.0.jar:/home/carlos/.m2/repository/org/slf4j/jul-to-slf4j/1.7.25/jul-to-slf4j-1.7.25.jar:/home/carlos/.m2/repository/javax/annotation/javax.annotation-api/1.3.2/javax.annotation-api-1.3.2.jar:/home/carlos/.m2/repository/org/yaml/snakeyaml/1.19/snakeyaml-1.19.jar:/home/carlos/.m2/repository/org/springframework/boot/spring-boot-starter-aop/2.0.5.RELEASE/spring-boot-starter-aop-2.0.5.RELEASE.jar:/home/carlos/.m2/repository/org/springframework/spring-aop/5.0.9.RELEASE/spring-aop-5.0.9.RELEASE.jar:/home/carlos/.m2/repository/org/aspectj/aspectjweaver/1.8.13/aspectjweaver-1.8.13.jar:/home/carlos/.m2/repository/org/springframework/boot/spring-boot-starter-jdbc/2.0.5.RELEASE/spring-boot-starter-jdbc-2.0.5.RELEASE.jar:/home/carlos/.m2/repository/com/zaxxer/HikariCP/2.7.9/HikariCP-2.7.9.jar:/home/carlos/.m2/repository/org/springframework/spring-jdbc/5.0.9.RELEASE/spring-jdbc-5.0.9.RELEASE.jar:/home/carlos/.m2/repository/javax/transaction/javax.transaction-api/1.2/javax.transaction-api-1.2.jar:/home/carlos/.m2/repository/org/hibernate/hibernate-core/5.2.17.Final/hibernate-core-5.2.17.Final.jar:/home/carlos/.m2/repository/org/jboss/logging/jboss-logging/3.3.2.Final/jboss-logging-3.3.2.Final.jar:/home/carlos/.m2/repository/org/hibernate/javax/persistence/hibernate-jpa-2.1-api/1.0.2.Final/hibernate-jpa-2.1-api-1.0.2.Final.jar:/home/carlos/.m2/repository/org/javassist/javassist/3.22.0-GA/javassist-3.22.0-GA.jar:/home/carlos/.m2/repository/antlr/antlr/2.7.7/antlr-2.7.7.jar:/home/carlos/.m2/repository/org/jboss/jandex/2.0.3.Final/jandex-2.0.3.Final.jar:/home/carlos/.m2/repository/dom4j/dom4j/1.6.1/dom4j-1.6.1.jar:/home/carlos/.m2/repository/org/hibernate/common/hibernate-commons-annotations/5.0.1.Final/hibernate-commons-annotations-5.0.1.Final.jar:/home/carlos/.m2/repository/org/springframework/data/spring-data-jpa/2.0.10.RELEASE/spring-data-jpa-2.0.10.RELEASE.jar:/home/carlos/.m2/repository/org/springframework/data/spring-data-commons/2.0.10.RELEASE/spring-data-commons-2.0.10.RELEASE.jar:/home/carlos/.m2/repository/org/springframework/spring-orm/5.0.9.RELEASE/spring-orm-5.0.9.RELEASE.jar:/home/carlos/.m2/repository/org/springframework/spring-context/5.0.9.RELEASE/spring-context-5.0.9.RELEASE.jar:/home/carlos/.m2/repository/org/springframework/spring-tx/5.0.9.RELEASE/spring-tx-5.0.9.RELEASE.jar:/home/carlos/.m2/repository/org/springframework/spring-beans/5.0.9.RELEASE/spring-beans-5.0.9.RELEASE.jar:/home/carlos/.m2/repository/org/springframework/spring-aspects/5.0.9.RELEASE/spring-aspects-5.0.9.RELEASE.jar:/home/carlos/.m2/repository/org/springframework/boot/spring-boot-starter-data-mongodb/2.0.5.RELEASE/spring-boot-starter-data-mongodb-2.0.5.RELEASE.jar:/home/carlos/.m2/repository/org/mongodb/mongodb-driver/3.6.4/mongodb-driver-3.6.4.jar:/home/carlos/.m2/repository/org/mongodb/bson/3.6.4/bson-3.6.4.jar:/home/carlos/.m2/repository/org/mongodb/mongodb-driver-core/3.6.4/mongodb-driver-core-3.6.4.jar:/home/carlos/.m2/repository/org/springframework/data/spring-data-mongodb/2.0.10.RELEASE/spring-data-mongodb-2.0.10.RELEASE.jar:/home/carlos/.m2/repository/org/springframework/spring-expression/5.0.9.RELEASE/spring-expression-5.0.9.RELEASE.jar:/home/carlos/.m2/repository/org/springframework/boot/spring-boot-starter-web/2.0.5.RELEASE/spring-boot-starter-web-2.0.5.RELEASE.jar:/home/carlos/.m2/repository/org/springframework/boot/spring-boot-starter-json/2.0.5.RELEASE/spring-boot-starter-json-2.0.5.RELEASE.jar:/home/carlos/.m2/repository/com/fasterxml/jackson/core/jackson-databind/2.9.6/jackson-databind-2.9.6.jar:/home/carlos/.m2/repository/com/fasterxml/jackson/core/jackson-core/2.9.6/jackson-core-2.9.6.jar:/home/carlos/.m2/repository/com/fasterxml/jackson/datatype/jackson-datatype-jdk8/2.9.6/jackson-datatype-jdk8-2.9.6.jar:/home/carlos/.m2/repository/com/fasterxml/jackson/datatype/jackson-datatype-jsr310/2.9.6/jackson-datatype-jsr310-2.9.6.jar:/home/carlos/.m2/repository/com/fasterxml/jackson/module/jackson-module-parameter-names/2.9.6/jackson-module-parameter-names-2.9.6.jar:/home/carlos/.m2/repository/org/springframework/boot/spring-boot-starter-tomcat/2.0.5.RELEASE/spring-boot-starter-tomcat-2.0.5.RELEASE.jar:/home/carlos/.m2/repository/org/apache/tomcat/embed/tomcat-embed-core/8.5.34/tomcat-embed-core-8.5.34.jar:/home/carlos/.m2/repository/org/apache/tomcat/embed/tomcat-embed-el/8.5.34/tomcat-embed-el-8.5.34.jar:/home/carlos/.m2/repository/org/apache/tomcat/embed/tomcat-embed-websocket/8.5.34/tomcat-embed-websocket-8.5.34.jar:/home/carlos/.m2/repository/org/hibernate/validator/hibernate-validator/6.0.12.Final/hibernate-validator-6.0.12.Final.jar:/home/carlos/.m2/repository/javax/validation/validation-api/2.0.1.Final/validation-api-2.0.1.Final.jar:/home/carlos/.m2/repository/org/springframework/spring-web/5.0.9.RELEASE/spring-web-5.0.9.RELEASE.jar:/home/carlos/.m2/repository/org/springframework/spring-webmvc/5.0.9.RELEASE/spring-webmvc-5.0.9.RELEASE.jar:/home/carlos/.m2/repository/org/springframework/boot/spring-boot-starter-actuator/2.0.5.RELEASE/spring-boot-starter-actuator-2.0.5.RELEASE.jar:/home/carlos/.m2/repository/org/springframework/boot/spring-boot-actuator-autoconfigure/2.0.5.RELEASE/spring-boot-actuator-autoconfigure-2.0.5.RELEASE.jar:/home/carlos/.m2/repository/org/springframework/boot/spring-boot-actuator/2.0.5.RELEASE/spring-boot-actuator-2.0.5.RELEASE.jar:/home/carlos/.m2/repository/org/sonarsource/scanner/maven/sonar-maven-plugin/3.6.0.1398/sonar-maven-plugin-3.6.0.1398.jar:/home/carlos/.m2/repository/org/sonatype/plexus/plexus-sec-dispatcher/1.4/plexus-sec-dispatcher-1.4.jar:/home/carlos/.m2/repository/org/sonatype/plexus/plexus-cipher/1.4/plexus-cipher-1.4.jar:/home/carlos/.m2/repository/org/codehaus/plexus/plexus-utils/3.0.22/plexus-utils-3.0.22.jar:/home/carlos/.m2/repository/org/sonarsource/scanner/api/sonar-scanner-api/2.12.0.1661/sonar-scanner-api-2.12.0.1661.jar:/home/carlos/.m2/repository/commons-lang/commons-lang/2.6/commons-lang-2.6.jar:/home/carlos/.m2/repository/org/springframework/boot/spring-boot-starter-test/2.0.5.RELEASE/spring-boot-starter-test-2.0.5.RELEASE.jar:/home/carlos/.m2/repository/org/springframework/boot/spring-boot-test/2.0.5.RELEASE/spring-boot-test-2.0.5.RELEASE.jar:/home/carlos/.m2/repository/org/springframework/boot/spring-boot-test-autoconfigure/2.0.5.RELEASE/spring-boot-test-autoconfigure-2.0.5.RELEASE.jar:/home/carlos/.m2/repository/com/jayway/jsonpath/json-path/2.4.0/json-path-2.4.0.jar:/home/carlos/.m2/repository/net/minidev/json-smart/2.3/json-smart-2.3.jar:/home/carlos/.m2/repository/net/minidev/accessors-smart/1.2/accessors-smart-1.2.jar:/home/carlos/.m2/repository/org/ow2/asm/asm/5.0.4/asm-5.0.4.jar:/home/carlos/.m2/repository/junit/junit/4.12/junit-4.12.jar:/home/carlos/.m2/repository/org/assertj/assertj-core/3.9.1/assertj-core-3.9.1.jar:/home/carlos/.m2/repository/org/mockito/mockito-core/2.15.0/mockito-core-2.15.0.jar:/home/carlos/.m2/repository/net/bytebuddy/byte-buddy/1.7.11/byte-buddy-1.7.11.jar:/home/carlos/.m2/repository/net/bytebuddy/byte-buddy-agent/1.7.11/byte-buddy-agent-1.7.11.jar:/home/carlos/.m2/repository/org/objenesis/objenesis/2.6/objenesis-2.6.jar:/home/carlos/.m2/repository/org/hamcrest/hamcrest-core/1.3/hamcrest-core-1.3.jar:/home/carlos/.m2/repository/org/hamcrest/hamcrest-library/1.3/hamcrest-library-1.3.jar:/home/carlos/.m2/repository/org/skyscreamer/jsonassert/1.5.0/jsonassert-1.5.0.jar:/home/carlos/.m2/repository/com/vaadin/external/google/android-json/0.0.20131108.vaadin1/android-json-0.0.20131108.vaadin1.jar:/home/carlos/.m2/repository/org/springframework/spring-core/5.0.9.RELEASE/spring-core-5.0.9.RELEASE.jar:/home/carlos/.m2/repository/org/springframework/spring-jcl/5.0.9.RELEASE/spring-jcl-5.0.9.RELEASE.jar:/home/carlos/.m2/repository/org/springframework/spring-test/5.0.9.RELEASE/spring-test-5.0.9.RELEASE.jar:/home/carlos/.m2/repository/org/xmlunit/xmlunit-core/2.5.1/xmlunit-core-2.5.1.jar:"/>
    <property name="java.vm.vendor" value="Oracle Corporation"/>
    <property name="sun.arch.data.model" value="64"/>
    <property name="java.vendor.url" value="http://java.oracle.com/"/>
    <property name="user.timezone" value=""/>
    <property name="java.vm.specification.version" value="1.8"/>
    <property name="os.name" value="Linux"/>
    <property name="user.country" value="US"/>
    <property name="sun.java.launcher" value="SUN_STANDARD"/>
    <property name="sun.boot.library.path" value="/usr/lib/jvm/java-8-oracle/jre/lib/amd64"/>
    <property name="sun.java.command" value="/media/carlos/Data/Documents/order-processing-system/customer-service/target/surefire/surefirebooter3924095449448753578.jar /media/carlos/Data/Documents/order-processing-system/customer-service/target/surefire 2019-05-20T15-58-09_830-jvmRun1 surefire1875655675978627594tmp surefire_05465781152162679391tmp"/>
    <property name="surefire.test.class.path" value="/media/carlos/Data/Documents/order-processing-system/customer-service/target/test-classes:/media/carlos/Data/Documents/order-processing-system/customer-service/target/classes:/home/carlos/.m2/repository/org/ordersample/domain-info/0.0.1-SNAPSHOT/domain-info-0.0.1-SNAPSHOT.jar:/home/carlos/.m2/repository/io/eventuate/tram/core/eventuate-tram-events/0.6.0.RELEASE/eventuate-tram-events-0.6.0.RELEASE.jar:/home/carlos/.m2/repository/io/eventuate/tram/core/eventuate-tram-messaging/0.6.0.RELEASE/eventuate-tram-messaging-0.6.0.RELEASE.jar:/home/carlos/.m2/repository/io/eventuate/client/java/eventuate-client-java-common-impl/0.20.1.RELEASE/eventuate-client-java-common-impl-0.20.1.RELEASE.jar:/home/carlos/.m2/repository/io/eventuate/client/java/eventuate-client-java/0.20.1.RELEASE/eventuate-client-java-0.20.1.RELEASE.jar:/home/carlos/.m2/repository/io/eventuate/tram/core/eventuate-tram-commands/0.6.0.RELEASE/eventuate-tram-commands-0.6.0.RELEASE.jar:/home/carlos/.m2/repository/io/eventuate/tram/sagas/eventuate-jpa-sagas-framework/0.5.0.RELEASE/eventuate-jpa-sagas-framework-0.5.0.RELEASE.jar:/home/carlos/.m2/repository/io/eventuate/client/java/eventuate-client-java-jdbc-common/0.20.1.RELEASE/eventuate-client-java-jdbc-common-0.20.1.RELEASE.jar:/home/carlos/.m2/repository/io/eventuate/tram/sagas/eventuate-tram-sagas-simple-dsl/0.5.0.RELEASE/eventuate-tram-sagas-simple-dsl-0.5.0.RELEASE.jar:/home/carlos/.m2/repository/io/eventuate/tram/core/eventuate-tram-jdbc-kafka/0.6.0.RELEASE/eventuate-tram-jdbc-kafka-0.6.0.RELEASE.jar:/home/carlos/.m2/repository/io/eventuate/tram/core/eventuate-tram-consumer-kafka/0.6.0.RELEASE/eventuate-tram-consumer-kafka-0.6.0.RELEASE.jar:/home/carlos/.m2/repository/io/eventuate/local/java/eventuate-local-java-kafka/0.17.0.RELEASE/eventuate-local-java-kafka-0.17.0.RELEASE.jar:/home/carlos/.m2/repository/org/apache/kafka/kafka-clients/1.0.2/kafka-clients-1.0.2.jar:/home/carlos/.m2/repository/org/lz4/lz4-java/1.4/lz4-java-1.4.jar:/home/carlos/.m2/repository/org/xerial/snappy/snappy-java/1.1.4/snappy-java-1.1.4.jar:/home/carlos/.m2/repository/org/hibernate/hibernate-validator/5.2.3.Final/hibernate-validator-5.2.3.Final.jar:/home/carlos/.m2/repository/org/postgresql/postgresql/42.2.5/postgresql-42.2.5.jar:/home/carlos/.m2/repository/io/eventuate/local/java/eventuate-local-java-common/0.17.0.RELEASE/eventuate-local-java-common-0.17.0.RELEASE.jar:/home/carlos/.m2/repository/io/eventuate/tram/core/eventuate-tram-producer-jdbc/0.6.0.RELEASE/eventuate-tram-producer-jdbc-0.6.0.RELEASE.jar:/home/carlos/.m2/repository/io/springfox/springfox-swagger2/2.9.2/springfox-swagger2-2.9.2.jar:/home/carlos/.m2/repository/io/swagger/swagger-annotations/1.5.20/swagger-annotations-1.5.20.jar:/home/carlos/.m2/repository/io/swagger/swagger-models/1.5.20/swagger-models-1.5.20.jar:/home/carlos/.m2/repository/com/fasterxml/jackson/core/jackson-annotations/2.9.0/jackson-annotations-2.9.0.jar:/home/carlos/.m2/repository/io/springfox/springfox-spi/2.9.2/springfox-spi-2.9.2.jar:/home/carlos/.m2/repository/io/springfox/springfox-core/2.9.2/springfox-core-2.9.2.jar:/home/carlos/.m2/repository/io/springfox/springfox-schema/2.9.2/springfox-schema-2.9.2.jar:/home/carlos/.m2/repository/io/springfox/springfox-swagger-common/2.9.2/springfox-swagger-common-2.9.2.jar:/home/carlos/.m2/repository/io/springfox/springfox-spring-web/2.9.2/springfox-spring-web-2.9.2.jar:/home/carlos/.m2/repository/com/google/guava/guava/20.0/guava-20.0.jar:/home/carlos/.m2/repository/com/fasterxml/classmate/1.3.4/classmate-1.3.4.jar:/home/carlos/.m2/repository/org/slf4j/slf4j-api/1.7.25/slf4j-api-1.7.25.jar:/home/carlos/.m2/repository/org/springframework/plugin/spring-plugin-core/1.2.0.RELEASE/spring-plugin-core-1.2.0.RELEASE.jar:/home/carlos/.m2/repository/org/springframework/plugin/spring-plugin-metadata/1.2.0.RELEASE/spring-plugin-metadata-1.2.0.RELEASE.jar:/home/carlos/.m2/repository/org/mapstruct/mapstruct/1.2.0.Final/mapstruct-1.2.0.Final.jar:/home/carlos/.m2/repository/io/springfox/springfox-swagger-ui/2.9.2/springfox-swagger-ui-2.9.2.jar:/home/carlos/.m2/repository/mysql/mysql-connector-java/5.1.47/mysql-connector-java-5.1.47.jar:/home/carlos/.m2/repository/org/projectlombok/lombok/1.16.22/lombok-1.16.22.jar:/home/carlos/.m2/repository/io/micrometer/micrometer-core/1.0.6/micrometer-core-1.0.6.jar:/home/carlos/.m2/repository/org/hdrhistogram/HdrHistogram/2.1.10/HdrHistogram-2.1.10.jar:/home/carlos/.m2/repository/org/latencyutils/LatencyUtils/2.0.3/LatencyUtils-2.0.3.jar:/home/carlos/.m2/repository/io/micrometer/micrometer-registry-prometheus/1.0.6/micrometer-registry-prometheus-1.0.6.jar:/home/carlos/.m2/repository/io/prometheus/simpleclient_common/0.4.0/simpleclient_common-0.4.0.jar:/home/carlos/.m2/repository/io/prometheus/simpleclient/0.4.0/simpleclient-0.4.0.jar:/home/carlos/.m2/repository/org/springframework/boot/spring-boot-starter-data-jpa/2.0.5.RELEASE/spring-boot-starter-data-jpa-2.0.5.RELEASE.jar:/home/carlos/.m2/repository/org/springframework/boot/spring-boot-starter/2.0.5.RELEASE/spring-boot-starter-2.0.5.RELEASE.jar:/home/carlos/.m2/repository/org/springframework/boot/spring-boot/2.0.5.RELEASE/spring-boot-2.0.5.RELEASE.jar:/home/carlos/.m2/repository/org/springframework/boot/spring-boot-autoconfigure/2.0.5.RELEASE/spring-boot-autoconfigure-2.0.5.RELEASE.jar:/home/carlos/.m2/repository/org/springframework/boot/spring-boot-starter-logging/2.0.5.RELEASE/spring-boot-starter-logging-2.0.5.RELEASE.jar:/home/carlos/.m2/repository/ch/qos/logback/logback-classic/1.2.3/logback-classic-1.2.3.jar:/home/carlos/.m2/repository/ch/qos/logback/logback-core/1.2.3/logback-core-1.2.3.jar:/home/carlos/.m2/repository/org/apache/logging/log4j/log4j-to-slf4j/2.10.0/log4j-to-slf4j-2.10.0.jar:/home/carlos/.m2/repository/org/apache/logging/log4j/log4j-api/2.10.0/log4j-api-2.10.0.jar:/home/carlos/.m2/repository/org/slf4j/jul-to-slf4j/1.7.25/jul-to-slf4j-1.7.25.jar:/home/carlos/.m2/repository/javax/annotation/javax.annotation-api/1.3.2/javax.annotation-api-1.3.2.jar:/home/carlos/.m2/repository/org/yaml/snakeyaml/1.19/snakeyaml-1.19.jar:/home/carlos/.m2/repository/org/springframework/boot/spring-boot-starter-aop/2.0.5.RELEASE/spring-boot-starter-aop-2.0.5.RELEASE.jar:/home/carlos/.m2/repository/org/springframework/spring-aop/5.0.9.RELEASE/spring-aop-5.0.9.RELEASE.jar:/home/carlos/.m2/repository/org/aspectj/aspectjweaver/1.8.13/aspectjweaver-1.8.13.jar:/home/carlos/.m2/repository/org/springframework/boot/spring-boot-starter-jdbc/2.0.5.RELEASE/spring-boot-starter-jdbc-2.0.5.RELEASE.jar:/home/carlos/.m2/repository/com/zaxxer/HikariCP/2.7.9/HikariCP-2.7.9.jar:/home/carlos/.m2/repository/org/springframework/spring-jdbc/5.0.9.RELEASE/spring-jdbc-5.0.9.RELEASE.jar:/home/carlos/.m2/repository/javax/transaction/javax.transaction-api/1.2/javax.transaction-api-1.2.jar:/home/carlos/.m2/repository/org/hibernate/hibernate-core/5.2.17.Final/hibernate-core-5.2.17.Final.jar:/home/carlos/.m2/repository/org/jboss/logging/jboss-logging/3.3.2.Final/jboss-logging-3.3.2.Final.jar:/home/carlos/.m2/repository/org/hibernate/javax/persistence/hibernate-jpa-2.1-api/1.0.2.Final/hibernate-jpa-2.1-api-1.0.2.Final.jar:/home/carlos/.m2/repository/org/javassist/javassist/3.22.0-GA/javassist-3.22.0-GA.jar:/home/carlos/.m2/repository/antlr/antlr/2.7.7/antlr-2.7.7.jar:/home/carlos/.m2/repository/org/jboss/jandex/2.0.3.Final/jandex-2.0.3.Final.jar:/home/carlos/.m2/repository/dom4j/dom4j/1.6.1/dom4j-1.6.1.jar:/home/carlos/.m2/repository/org/hibernate/common/hibernate-commons-annotations/5.0.1.Final/hibernate-commons-annotations-5.0.1.Final.jar:/home/carlos/.m2/repository/org/springframework/data/spring-data-jpa/2.0.10.RELEASE/spring-data-jpa-2.0.10.RELEASE.jar:/home/carlos/.m2/repository/org/springframework/data/spring-data-commons/2.0.10.RELEASE/spring-data-commons-2.0.10.RELEASE.jar:/home/carlos/.m2/repository/org/springframework/spring-orm/5.0.9.RELEASE/spring-orm-5.0.9.RELEASE.jar:/home/carlos/.m2/repository/org/springframework/spring-context/5.0.9.RELEASE/spring-context-5.0.9.RELEASE.jar:/home/carlos/.m2/repository/org/springframework/spring-tx/5.0.9.RELEASE/spring-tx-5.0.9.RELEASE.jar:/home/carlos/.m2/repository/org/springframework/spring-beans/5.0.9.RELEASE/spring-beans-5.0.9.RELEASE.jar:/home/carlos/.m2/repository/org/springframework/spring-aspects/5.0.9.RELEASE/spring-aspects-5.0.9.RELEASE.jar:/home/carlos/.m2/repository/org/springframework/boot/spring-boot-starter-data-mongodb/2.0.5.RELEASE/spring-boot-starter-data-mongodb-2.0.5.RELEASE.jar:/home/carlos/.m2/repository/org/mongodb/mongodb-driver/3.6.4/mongodb-driver-3.6.4.jar:/home/carlos/.m2/repository/org/mongodb/bson/3.6.4/bson-3.6.4.jar:/home/carlos/.m2/repository/org/mongodb/mongodb-driver-core/3.6.4/mongodb-driver-core-3.6.4.jar:/home/carlos/.m2/repository/org/springframework/data/spring-data-mongodb/2.0.10.RELEASE/spring-data-mongodb-2.0.10.RELEASE.jar:/home/carlos/.m2/repository/org/springframework/spring-expression/5.0.9.RELEASE/spring-expression-5.0.9.RELEASE.jar:/home/carlos/.m2/repository/org/springframework/boot/spring-boot-starter-web/2.0.5.RELEASE/spring-boot-starter-web-2.0.5.RELEASE.jar:/home/carlos/.m2/repository/org/springframework/boot/spring-boot-starter-json/2.0.5.RELEASE/spring-boot-starter-json-2.0.5.RELEASE.jar:/home/carlos/.m2/repository/com/fasterxml/jackson/core/jackson-databind/2.9.6/jackson-databind-2.9.6.jar:/home/carlos/.m2/repository/com/fasterxml/jackson/core/jackson-core/2.9.6/jackson-core-2.9.6.jar:/home/carlos/.m2/repository/com/fasterxml/jackson/datatype/jackson-datatype-jdk8/2.9.6/jackson-datatype-jdk8-2.9.6.jar:/home/carlos/.m2/repository/com/fasterxml/jackson/datatype/jackson-datatype-jsr310/2.9.6/jackson-datatype-jsr310-2.9.6.jar:/home/carlos/.m2/repository/com/fasterxml/jackson/module/jackson-module-parameter-names/2.9.6/jackson-module-parameter-names-2.9.6.jar:/home/carlos/.m2/repository/org/springframework/boot/spring-boot-starter-tomcat/2.0.5.RELEASE/spring-boot-starter-tomcat-2.0.5.RELEASE.jar:/home/carlos/.m2/repository/org/apache/tomcat/embed/tomcat-embed-core/8.5.34/tomcat-embed-core-8.5.34.jar:/home/carlos/.m2/repository/org/apache/tomcat/embed/tomcat-embed-el/8.5.34/tomcat-embed-el-8.5.34.jar:/home/carlos/.m2/repository/org/apache/tomcat/embed/tomcat-embed-websocket/8.5.34/tomcat-embed-websocket-8.5.34.jar:/home/carlos/.m2/repository/org/hibernate/validator/hibernate-validator/6.0.12.Final/hibernate-validator-6.0.12.Final.jar:/home/carlos/.m2/repository/javax/validation/validation-api/2.0.1.Final/validation-api-2.0.1.Final.jar:/home/carlos/.m2/repository/org/springframework/spring-web/5.0.9.RELEASE/spring-web-5.0.9.RELEASE.jar:/home/carlos/.m2/repository/org/springframework/spring-webmvc/5.0.9.RELEASE/spring-webmvc-5.0.9.RELEASE.jar:/home/carlos/.m2/repository/org/springframework/boot/spring-boot-starter-actuator/2.0.5.RELEASE/spring-boot-starter-actuator-2.0.5.RELEASE.jar:/home/carlos/.m2/repository/org/springframework/boot/spring-boot-actuator-autoconfigure/2.0.5.RELEASE/spring-boot-actuator-autoconfigure-2.0.5.RELEASE.jar:/home/carlos/.m2/repository/org/springframework/boot/spring-boot-actuator/2.0.5.RELEASE/spring-boot-actuator-2.0.5.RELEASE.jar:/home/carlos/.m2/repository/org/sonarsource/scanner/maven/sonar-maven-plugin/3.6.0.1398/sonar-maven-plugin-3.6.0.1398.jar:/home/carlos/.m2/repository/org/sonatype/plexus/plexus-sec-dispatcher/1.4/plexus-sec-dispatcher-1.4.jar:/home/carlos/.m2/repository/org/sonatype/plexus/plexus-cipher/1.4/plexus-cipher-1.4.jar:/home/carlos/.m2/repository/org/codehaus/plexus/plexus-utils/3.0.22/plexus-utils-3.0.22.jar:/home/carlos/.m2/repository/org/sonarsource/scanner/api/sonar-scanner-api/2.12.0.1661/sonar-scanner-api-2.12.0.1661.jar:/home/carlos/.m2/repository/commons-lang/commons-lang/2.6/commons-lang-2.6.jar:/home/carlos/.m2/repository/org/springframework/boot/spring-boot-starter-test/2.0.5.RELEASE/spring-boot-starter-test-2.0.5.RELEASE.jar:/home/carlos/.m2/repository/org/springframework/boot/spring-boot-test/2.0.5.RELEASE/spring-boot-test-2.0.5.RELEASE.jar:/home/carlos/.m2/repository/org/springframework/boot/spring-boot-test-autoconfigure/2.0.5.RELEASE/spring-boot-test-autoconfigure-2.0.5.RELEASE.jar:/home/carlos/.m2/repository/com/jayway/jsonpath/json-path/2.4.0/json-path-2.4.0.jar:/home/carlos/.m2/repository/net/minidev/json-smart/2.3/json-smart-2.3.jar:/home/carlos/.m2/repository/net/minidev/accessors-smart/1.2/accessors-smart-1.2.jar:/home/carlos/.m2/repository/org/ow2/asm/asm/5.0.4/asm-5.0.4.jar:/home/carlos/.m2/repository/junit/junit/4.12/junit-4.12.jar:/home/carlos/.m2/repository/org/assertj/assertj-core/3.9.1/assertj-core-3.9.1.jar:/home/carlos/.m2/repository/org/mockito/mockito-core/2.15.0/mockito-core-2.15.0.jar:/home/carlos/.m2/repository/net/bytebuddy/byte-buddy/1.7.11/byte-buddy-1.7.11.jar:/home/carlos/.m2/repository/net/bytebuddy/byte-buddy-agent/1.7.11/byte-buddy-agent-1.7.11.jar:/home/carlos/.m2/repository/org/objenesis/objenesis/2.6/objenesis-2.6.jar:/home/carlos/.m2/repository/org/hamcrest/hamcrest-core/1.3/hamcrest-core-1.3.jar:/home/carlos/.m2/repository/org/hamcrest/hamcrest-library/1.3/hamcrest-library-1.3.jar:/home/carlos/.m2/repository/org/skyscreamer/jsonassert/1.5.0/jsonassert-1.5.0.jar:/home/carlos/.m2/repository/com/vaadin/external/google/android-json/0.0.20131108.vaadin1/android-json-0.0.20131108.vaadin1.jar:/home/carlos/.m2/repository/org/springframework/spring-core/5.0.9.RELEASE/spring-core-5.0.9.RELEASE.jar:/home/carlos/.m2/repository/org/springframework/spring-jcl/5.0.9.RELEASE/spring-jcl-5.0.9.RELEASE.jar:/home/carlos/.m2/repository/org/springframework/spring-test/5.0.9.RELEASE/spring-test-5.0.9.RELEASE.jar:/home/carlos/.m2/repository/org/xmlunit/xmlunit-core/2.5.1/xmlunit-core-2.5.1.jar:"/>
    <property name="sun.cpu.endian" value="little"/>
    <property name="user.home" value="/home/carlos"/>
    <property name="user.language" value="en"/>
    <property name="java.specification.vendor" value="Oracle Corporation"/>
    <property name="java.home" value="/usr/lib/jvm/java-8-oracle/jre"/>
    <property name="basedir" value="/media/carlos/Data/Documents/order-processing-system/customer-service"/>
    <property name="file.separator" value="/"/>
    <property name="line.separator" value="&#10;"/>
    <property name="java.vm.specification.vendor" value="Oracle Corporation"/>
    <property name="java.specification.name" value="Java Platform API Specification"/>
    <property name="java.awt.graphicsenv" value="sun.awt.X11GraphicsEnvironment"/>
    <property name="surefire.real.class.path" value="/media/carlos/Data/Documents/order-processing-system/customer-service/target/surefire/surefirebooter3924095449448753578.jar:/home/carlos/.m2/repository/org/jacoco/org.jacoco.agent/0.8.4/org.jacoco.agent-0.8.4-runtime.jar"/>
    <property name="sun.boot.class.path" value="/usr/lib/jvm/java-8-oracle/jre/lib/resources.jar:/usr/lib/jvm/java-8-oracle/jre/lib/rt.jar:/usr/lib/jvm/java-8-oracle/jre/lib/sunrsasign.jar:/usr/lib/jvm/java-8-oracle/jre/lib/jsse.jar:/usr/lib/jvm/java-8-oracle/jre/lib/jce.jar:/usr/lib/jvm/java-8-oracle/jre/lib/charsets.jar:/usr/lib/jvm/java-8-oracle/jre/lib/jfr.jar:/usr/lib/jvm/java-8-oracle/jre/classes"/>
    <property name="sun.management.compiler" value="HotSpot 64-Bit Tiered Compilers"/>
    <property name="java.runtime.version" value="1.8.0_191-b12"/>
    <property name="user.name" value="carlos"/>
    <property name="path.separator" value=":"/>
    <property name="os.version" value="4.15.0-47-generic"/>
    <property name="java.endorsed.dirs" value="/usr/lib/jvm/java-8-oracle/jre/lib/endorsed"/>
    <property name="java.runtime.name" value="Java(TM) SE Runtime Environment"/>
    <property name="file.encoding" value="UTF-8"/>
    <property name="java.vm.name" value="Java HotSpot(TM) 64-Bit Server VM"/>
    <property name="localRepository" value="/home/carlos/.m2/repository"/>
    <property name="java.vendor.url.bug" value="http://bugreport.sun.com/bugreport/"/>
    <property name="java.io.tmpdir" value="/tmp"/>
    <property name="java.version" value="1.8.0_191"/>
    <property name="user.dir" value="/media/carlos/Data/Documents/order-processing-system/customer-service"/>
    <property name="os.arch" value="amd64"/>
    <property name="java.vm.specification.name" value="Java Virtual Machine Specification"/>
    <property name="java.awt.printerjob" value="sun.print.PSPrinterJob"/>
    <property name="sun.os.patch.level" value="unknown"/>
    <property name="sonar.projectKey" value="org.ordersample:customer-service"/>
    <property name="java.library.path" value="/usr/java/packages/lib/amd64:/usr/lib64:/lib64:/lib:/usr/lib"/>
    <property name="java.vm.info" value="mixed mode"/>
    <property name="java.vendor" value="Oracle Corporation"/>
    <property name="java.vm.version" value="25.191-b12"/>
    <property name="java.ext.dirs" value="/usr/lib/jvm/java-8-oracle/jre/lib/ext:/usr/java/packages/lib/ext"/>
    <property name="sun.io.unicode.encoding" value="UnicodeLittle"/>
    <property name="java.class.version" value="52.0"/>
  </properties>
  <testcase name="findAllCustomersValidation" classname="org.ordersample.customerservice.controller.CustomerServiceControllerTest" time="0.663"/>
  <testcase name="createCustomerShouldReturnNull" classname="org.ordersample.customerservice.controller.CustomerServiceControllerTest" time="0.106"/>
  <testcase name="updateCustomerValidation" classname="org.ordersample.customerservice.controller.CustomerServiceControllerTest" time="0.232"/>
  <testcase name="ShouldNotUpdateCustomer" classname="org.ordersample.customerservice.controller.CustomerServiceControllerTest" time="0.029"/>
  <testcase name="findCustomerValidationShouldBeFine" classname="org.ordersample.customerservice.controller.CustomerServiceControllerTest" time="0.034"/>
  <testcase name="createCustomerValidation" classname="org.ordersample.customerservice.controller.CustomerServiceControllerTest" time="0.098"/>
  <testcase name="ShouldNotDeleteCustomer" classname="org.ordersample.customerservice.controller.CustomerServiceControllerTest" time="0.041"/>
  <testcase name="deleteCustomerValidation" classname="org.ordersample.customerservice.controller.CustomerServiceControllerTest" time="0.142"/>
</testsuite>