<?xml version="1.0" encoding="UTF-8"?>
<testsuite xmlns:xsi="http://www.w3.org/2001/XMLSchema-instance" xsi:noNamespaceSchemaLocation="https://maven.apache.org/surefire/maven-surefire-plugin/xsd/surefire-test-report.xsd" name="org.ordersample.invoiceservice.repository.InvoiceRepositoryTest" time="38.459" tests="1" errors="0" skipped="0" failures="0">
  <properties>
    <property name="gopherProxySet" value="false"/>
    <property name="awt.toolkit" value="sun.lwawt.macosx.LWCToolkit"/>
    <property name="file.encoding.pkg" value="sun.io"/>
    <property name="java.specification.version" value="1.8"/>
    <property name="sun.cpu.isalist" value=""/>
    <property name="sun.jnu.encoding" value="UTF-8"/>
    <property name="java.class.path" value="/Users/cavendanoa/Documents/Carlos-Docs/order-processing-system/invoice-service/target/test-classes:/Users/cavendanoa/Documents/Carlos-Docs/order-processing-system/invoice-service/target/classes:/Users/cavendanoa/Documents/Carlos-Docs/order-processing-system/domain-info/target/domain-info.jar:/Users/cavendanoa/.m2/repository/io/eventuate/tram/core/eventuate-tram-events/0.21.0.RELEASE/eventuate-tram-events-0.21.0.RELEASE.jar:/Users/cavendanoa/.m2/repository/io/eventuate/tram/core/eventuate-tram-messaging/0.21.0.RELEASE/eventuate-tram-messaging-0.21.0.RELEASE.jar:/Users/cavendanoa/.m2/repository/commons-lang/commons-lang/2.6/commons-lang-2.6.jar:/Users/cavendanoa/.m2/repository/io/eventuate/client/java/eventuate-client-java-common-impl/0.20.1.RELEASE/eventuate-client-java-common-impl-0.20.1.RELEASE.jar:/Users/cavendanoa/.m2/repository/io/eventuate/client/java/eventuate-client-java/0.20.1.RELEASE/eventuate-client-java-0.20.1.RELEASE.jar:/Users/cavendanoa/.m2/repository/io/eventuate/tram/core/eventuate-tram-commands/0.21.0.RELEASE/eventuate-tram-commands-0.21.0.RELEASE.jar:/Users/cavendanoa/.m2/repository/io/eventuate/tram/sagas/eventuate-jpa-sagas-framework/0.11.1.RELEASE/eventuate-jpa-sagas-framework-0.11.1.RELEASE.jar:/Users/cavendanoa/.m2/repository/io/eventuate/tram/sagas/eventuate-tram-sagas-common/0.11.1.RELEASE/eventuate-tram-sagas-common-0.11.1.RELEASE.jar:/Users/cavendanoa/.m2/repository/io/eventuate/client/java/eventuate-client-java-jdbc-common/0.20.1.RELEASE/eventuate-client-java-jdbc-common-0.20.1.RELEASE.jar:/Users/cavendanoa/.m2/repository/io/eventuate/tram/sagas/eventuate-tram-sagas-orchestration/0.11.1.RELEASE/eventuate-tram-sagas-orchestration-0.11.1.RELEASE.jar:/Users/cavendanoa/.m2/repository/io/eventuate/tram/core/eventuate-tram-jdbc/0.20.0.RELEASE/eventuate-tram-jdbc-0.20.0.RELEASE.jar:/Users/cavendanoa/.m2/repository/io/eventuate/tram/sagas/eventuate-tram-sagas-participant/0.11.1.RELEASE/eventuate-tram-sagas-participant-0.11.1.RELEASE.jar:/Users/cavendanoa/.m2/repository/io/eventuate/tram/sagas/eventuate-tram-sagas-testing-support/0.11.1.RELEASE/eventuate-tram-sagas-testing-support-0.11.1.RELEASE.jar:/Users/cavendanoa/.m2/repository/io/eventuate/tram/core/eventuate-tram-testing-support/0.20.0.RELEASE/eventuate-tram-testing-support-0.20.0.RELEASE.jar:/Users/cavendanoa/.m2/repository/io/eventuate/tram/sagas/eventuate-tram-sagas-simple-dsl/0.11.1.RELEASE/eventuate-tram-sagas-simple-dsl-0.11.1.RELEASE.jar:/Users/cavendanoa/.m2/repository/io/eventuate/tram/sagas/eventuate-tram-sagas-in-memory/0.11.1.RELEASE/eventuate-tram-sagas-in-memory-0.11.1.RELEASE.jar:/Users/cavendanoa/.m2/repository/io/eventuate/tram/core/eventuate-tram-in-memory/0.20.0.RELEASE/eventuate-tram-in-memory-0.20.0.RELEASE.jar:/Users/cavendanoa/.m2/repository/com/h2database/h2/1.4.197/h2-1.4.197.jar:/Users/cavendanoa/.m2/repository/io/eventuate/tram/core/eventuate-tram-test-util/0.21.0.RELEASE/eventuate-tram-test-util-0.21.0.RELEASE.jar:/Users/cavendanoa/.m2/repository/io/eventuate/util/eventuate-util-test/0.1.0.RELEASE/eventuate-util-test-0.1.0.RELEASE.jar:/Users/cavendanoa/.m2/repository/io/eventuate/tram/core/eventuate-tram-jdbc-kafka/0.21.0.RELEASE/eventuate-tram-jdbc-kafka-0.21.0.RELEASE.jar:/Users/cavendanoa/.m2/repository/io/eventuate/tram/core/eventuate-tram-producer-jdbc/0.21.0.RELEASE/eventuate-tram-producer-jdbc-0.21.0.RELEASE.jar:/Users/cavendanoa/.m2/repository/io/eventuate/local/java/eventuate-local-java-jdbc/0.30.1.RELEASE/eventuate-local-java-jdbc-0.30.1.RELEASE.jar:/Users/cavendanoa/.m2/repository/io/eventuate/client/java/eventuate-client-java-spring-common/0.20.1.RELEASE/eventuate-client-java-spring-common-0.20.1.RELEASE.jar:/Users/cavendanoa/.m2/repository/io/eventuate/client/java/eventuate-client-java-event-handling/0.20.1.RELEASE/eventuate-client-java-event-handling-0.20.1.RELEASE.jar:/Users/cavendanoa/.m2/repository/org/postgresql/postgresql/42.2.5/postgresql-42.2.5.jar:/Users/cavendanoa/.m2/repository/com/microsoft/sqlserver/mssql-jdbc/6.2.2.jre8/mssql-jdbc-6.2.2.jre8.jar:/Users/cavendanoa/.m2/repository/io/eventuate/tram/core/eventuate-tram-consumer-kafka/0.21.0.RELEASE/eventuate-tram-consumer-kafka-0.21.0.RELEASE.jar:/Users/cavendanoa/.m2/repository/io/eventuate/tram/core/eventuate-tram-consumer-common/0.21.0.RELEASE/eventuate-tram-consumer-common-0.21.0.RELEASE.jar:/Users/cavendanoa/.m2/repository/io/eventuate/local/java/eventuate-coordination-leadership/0.30.1.RELEASE/eventuate-coordination-leadership-0.30.1.RELEASE.jar:/Users/cavendanoa/.m2/repository/org/apache/curator/curator-recipes/2.11.0/curator-recipes-2.11.0.jar:/Users/cavendanoa/.m2/repository/org/apache/curator/curator-framework/2.11.0/curator-framework-2.11.0.jar:/Users/cavendanoa/.m2/repository/org/apache/curator/curator-client/2.11.0/curator-client-2.11.0.jar:/Users/cavendanoa/.m2/repository/org/apache/zookeeper/zookeeper/3.4.6/zookeeper-3.4.6.jar:/Users/cavendanoa/.m2/repository/log4j/log4j/1.2.16/log4j-1.2.16.jar:/Users/cavendanoa/.m2/repository/jline/jline/0.9.94/jline-0.9.94.jar:/Users/cavendanoa/.m2/repository/io/netty/netty/3.7.0.Final/netty-3.7.0.Final.jar:/Users/cavendanoa/.m2/repository/io/eventuate/local/java/eventuate-local-java-common/0.30.1.RELEASE/eventuate-local-java-common-0.30.1.RELEASE.jar:/Users/cavendanoa/.m2/repository/io/eventuate/local/java/eventuate-local-java-kafka/0.30.1.RELEASE/eventuate-local-java-kafka-0.30.1.RELEASE.jar:/Users/cavendanoa/.m2/repository/org/apache/kafka/kafka-clients/1.0.2/kafka-clients-1.0.2.jar:/Users/cavendanoa/.m2/repository/org/lz4/lz4-java/1.4/lz4-java-1.4.jar:/Users/cavendanoa/.m2/repository/org/xerial/snappy/snappy-java/1.1.4/snappy-java-1.1.4.jar:/Users/cavendanoa/.m2/repository/org/hibernate/hibernate-validator/5.2.3.Final/hibernate-validator-5.2.3.Final.jar:/Users/cavendanoa/.m2/repository/io/eventuate/local/java/eventuate-local-java-common-broker/0.30.1.RELEASE/eventuate-local-java-common-broker-0.30.1.RELEASE.jar:/Users/cavendanoa/.m2/repository/io/eventuate/tram/core/eventuate-tram-consumer-jdbc/0.21.0.RELEASE/eventuate-tram-consumer-jdbc-0.21.0.RELEASE.jar:/Users/cavendanoa/.m2/repository/io/eventuate/tram/core/eventuate-tram-testing-support-spring-cloud-contract/0.21.0.RELEASE/eventuate-tram-testing-support-spring-cloud-contract-0.21.0.RELEASE.jar:/Users/cavendanoa/.m2/repository/org/springframework/cloud/spring-cloud-starter-contract-stub-runner/2.0.0.RELEASE/spring-cloud-starter-contract-stub-runner-2.0.0.RELEASE.jar:/Users/cavendanoa/.m2/repository/org/springframework/cloud/spring-cloud-contract-stub-runner/2.0.0.RELEASE/spring-cloud-contract-stub-runner-2.0.0.RELEASE.jar:/Users/cavendanoa/.m2/repository/org/springframework/cloud/spring-cloud-contract-shade/2.0.0.RELEASE/spring-cloud-contract-shade-2.0.0.RELEASE.jar:/Users/cavendanoa/.m2/repository/org/eclipse/jgit/org.eclipse.jgit/4.6.0.201612231935-r/org.eclipse.jgit-4.6.0.201612231935-r.jar:/Users/cavendanoa/.m2/repository/com/jcraft/jsch/0.1.53/jsch-0.1.53.jar:/Users/cavendanoa/.m2/repository/com/googlecode/javaewah/JavaEWAH/1.1.6/JavaEWAH-1.1.6.jar:/Users/cavendanoa/.m2/repository/com/jcraft/jsch.agentproxy.sshagent/0.0.9/jsch.agentproxy.sshagent-0.0.9.jar:/Users/cavendanoa/.m2/repository/com/jcraft/jsch.agentproxy.core/0.0.9/jsch.agentproxy.core-0.0.9.jar:/Users/cavendanoa/.m2/repository/com/jcraft/jsch.agentproxy.jsch/0.0.9/jsch.agentproxy.jsch-0.0.9.jar:/Users/cavendanoa/.m2/repository/com/jcraft/jsch.agentproxy.usocket-jna/0.0.9/jsch.agentproxy.usocket-jna-0.0.9.jar:/Users/cavendanoa/.m2/repository/net/java/dev/jna/jna/4.5.2/jna-4.5.2.jar:/Users/cavendanoa/.m2/repository/net/java/dev/jna/jna-platform/4.5.2/jna-platform-4.5.2.jar:/Users/cavendanoa/.m2/repository/org/springframework/cloud/spring-cloud-stream-test-support/2.0.0.RELEASE/spring-cloud-stream-test-support-2.0.0.RELEASE.jar:/Users/cavendanoa/.m2/repository/org/springframework/cloud/spring-cloud-stream/2.0.0.RELEASE/spring-cloud-stream-2.0.0.RELEASE.jar:/Users/cavendanoa/.m2/repository/org/springframework/boot/spring-boot-starter-validation/2.0.5.RELEASE/spring-boot-starter-validation-2.0.5.RELEASE.jar:/Users/cavendanoa/.m2/repository/org/springframework/spring-messaging/5.0.9.RELEASE/spring-messaging-5.0.9.RELEASE.jar:/Users/cavendanoa/.m2/repository/org/springframework/integration/spring-integration-core/5.0.8.RELEASE/spring-integration-core-5.0.8.RELEASE.jar:/Users/cavendanoa/.m2/repository/io/projectreactor/reactor-core/3.1.9.RELEASE/reactor-core-3.1.9.RELEASE.jar:/Users/cavendanoa/.m2/repository/org/reactivestreams/reactive-streams/1.0.2/reactive-streams-1.0.2.jar:/Users/cavendanoa/.m2/repository/org/springframework/integration/spring-integration-jmx/5.0.8.RELEASE/spring-integration-jmx-5.0.8.RELEASE.jar:/Users/cavendanoa/.m2/repository/org/springframework/spring-tuple/1.0.0.RELEASE/spring-tuple-1.0.0.RELEASE.jar:/Users/cavendanoa/.m2/repository/com/esotericsoftware/kryo-shaded/3.0.3/kryo-shaded-3.0.3.jar:/Users/cavendanoa/.m2/repository/com/esotericsoftware/minlog/1.3.0/minlog-1.3.0.jar:/Users/cavendanoa/.m2/repository/org/springframework/integration/spring-integration-tuple/1.0.0.RELEASE/spring-integration-tuple-1.0.0.RELEASE.jar:/Users/cavendanoa/.m2/repository/org/springframework/retry/spring-retry/1.2.2.RELEASE/spring-retry-1.2.2.RELEASE.jar:/Users/cavendanoa/.m2/repository/org/springframework/cloud/spring-cloud-contract-wiremock/2.0.0.RELEASE/spring-cloud-contract-wiremock-2.0.0.RELEASE.jar:/Users/cavendanoa/.m2/repository/org/eclipse/aether/aether-api/1.0.2.v20150114/aether-api-1.0.2.v20150114.jar:/Users/cavendanoa/.m2/repository/io/springfox/springfox-swagger2/2.9.2/springfox-swagger2-2.9.2.jar:/Users/cavendanoa/.m2/repository/io/swagger/swagger-annotations/1.5.20/swagger-annotations-1.5.20.jar:/Users/cavendanoa/.m2/repository/io/swagger/swagger-models/1.5.20/swagger-models-1.5.20.jar:/Users/cavendanoa/.m2/repository/com/fasterxml/jackson/core/jackson-annotations/2.9.0/jackson-annotations-2.9.0.jar:/Users/cavendanoa/.m2/repository/io/springfox/springfox-spi/2.9.2/springfox-spi-2.9.2.jar:/Users/cavendanoa/.m2/repository/io/springfox/springfox-core/2.9.2/springfox-core-2.9.2.jar:/Users/cavendanoa/.m2/repository/io/springfox/springfox-schema/2.9.2/springfox-schema-2.9.2.jar:/Users/cavendanoa/.m2/repository/io/springfox/springfox-swagger-common/2.9.2/springfox-swagger-common-2.9.2.jar:/Users/cavendanoa/.m2/repository/io/springfox/springfox-spring-web/2.9.2/springfox-spring-web-2.9.2.jar:/Users/cavendanoa/.m2/repository/com/google/guava/guava/20.0/guava-20.0.jar:/Users/cavendanoa/.m2/repository/com/fasterxml/classmate/1.3.4/classmate-1.3.4.jar:/Users/cavendanoa/.m2/repository/org/slf4j/slf4j-api/1.7.25/slf4j-api-1.7.25.jar:/Users/cavendanoa/.m2/repository/org/springframework/plugin/spring-plugin-core/1.2.0.RELEASE/spring-plugin-core-1.2.0.RELEASE.jar:/Users/cavendanoa/.m2/repository/org/springframework/plugin/spring-plugin-metadata/1.2.0.RELEASE/spring-plugin-metadata-1.2.0.RELEASE.jar:/Users/cavendanoa/.m2/repository/org/mapstruct/mapstruct/1.2.0.Final/mapstruct-1.2.0.Final.jar:/Users/cavendanoa/.m2/repository/io/springfox/springfox-swagger-ui/2.9.2/springfox-swagger-ui-2.9.2.jar:/Users/cavendanoa/.m2/repository/mysql/mysql-connector-java/5.1.47/mysql-connector-java-5.1.47.jar:/Users/cavendanoa/.m2/repository/org/projectlombok/lombok/1.16.22/lombok-1.16.22.jar:/Users/cavendanoa/.m2/repository/io/micrometer/micrometer-core/1.0.6/micrometer-core-1.0.6.jar:/Users/cavendanoa/.m2/repository/org/hdrhistogram/HdrHistogram/2.1.10/HdrHistogram-2.1.10.jar:/Users/cavendanoa/.m2/repository/org/latencyutils/LatencyUtils/2.0.3/LatencyUtils-2.0.3.jar:/Users/cavendanoa/.m2/repository/io/micrometer/micrometer-registry-prometheus/1.0.6/micrometer-registry-prometheus-1.0.6.jar:/Users/cavendanoa/.m2/repository/io/prometheus/simpleclient_common/0.4.0/simpleclient_common-0.4.0.jar:/Users/cavendanoa/.m2/repository/io/prometheus/simpleclient/0.4.0/simpleclient-0.4.0.jar:/Users/cavendanoa/.m2/repository/org/springframework/boot/spring-boot-starter-data-jpa/2.0.5.RELEASE/spring-boot-starter-data-jpa-2.0.5.RELEASE.jar:/Users/cavendanoa/.m2/repository/org/springframework/boot/spring-boot-starter/2.0.5.RELEASE/spring-boot-starter-2.0.5.RELEASE.jar:/Users/cavendanoa/.m2/repository/org/springframework/boot/spring-boot/2.0.5.RELEASE/spring-boot-2.0.5.RELEASE.jar:/Users/cavendanoa/.m2/repository/org/springframework/boot/spring-boot-autoconfigure/2.0.5.RELEASE/spring-boot-autoconfigure-2.0.5.RELEASE.jar:/Users/cavendanoa/.m2/repository/org/springframework/boot/spring-boot-starter-logging/2.0.5.RELEASE/spring-boot-starter-logging-2.0.5.RELEASE.jar:/Users/cavendanoa/.m2/repository/ch/qos/logback/logback-classic/1.2.3/logback-classic-1.2.3.jar:/Users/cavendanoa/.m2/repository/ch/qos/logback/logback-core/1.2.3/logback-core-1.2.3.jar:/Users/cavendanoa/.m2/repository/org/apache/logging/log4j/log4j-to-slf4j/2.10.0/log4j-to-slf4j-2.10.0.jar:/Users/cavendanoa/.m2/repository/org/apache/logging/log4j/log4j-api/2.10.0/log4j-api-2.10.0.jar:/Users/cavendanoa/.m2/repository/org/slf4j/jul-to-slf4j/1.7.25/jul-to-slf4j-1.7.25.jar:/Users/cavendanoa/.m2/repository/javax/annotation/javax.annotation-api/1.3.2/javax.annotation-api-1.3.2.jar:/Users/cavendanoa/.m2/repository/org/yaml/snakeyaml/1.19/snakeyaml-1.19.jar:/Users/cavendanoa/.m2/repository/org/springframework/boot/spring-boot-starter-aop/2.0.5.RELEASE/spring-boot-starter-aop-2.0.5.RELEASE.jar:/Users/cavendanoa/.m2/repository/org/springframework/spring-aop/5.0.9.RELEASE/spring-aop-5.0.9.RELEASE.jar:/Users/cavendanoa/.m2/repository/org/aspectj/aspectjweaver/1.8.13/aspectjweaver-1.8.13.jar:/Users/cavendanoa/.m2/repository/javax/transaction/javax.transaction-api/1.2/javax.transaction-api-1.2.jar:/Users/cavendanoa/.m2/repository/org/hibernate/hibernate-core/5.2.17.Final/hibernate-core-5.2.17.Final.jar:/Users/cavendanoa/.m2/repository/org/jboss/logging/jboss-logging/3.3.2.Final/jboss-logging-3.3.2.Final.jar:/Users/cavendanoa/.m2/repository/org/hibernate/javax/persistence/hibernate-jpa-2.1-api/1.0.2.Final/hibernate-jpa-2.1-api-1.0.2.Final.jar:/Users/cavendanoa/.m2/repository/org/javassist/javassist/3.22.0-GA/javassist-3.22.0-GA.jar:/Users/cavendanoa/.m2/repository/antlr/antlr/2.7.7/antlr-2.7.7.jar:/Users/cavendanoa/.m2/repository/org/jboss/jandex/2.0.3.Final/jandex-2.0.3.Final.jar:/Users/cavendanoa/.m2/repository/dom4j/dom4j/1.6.1/dom4j-1.6.1.jar:/Users/cavendanoa/.m2/repository/org/hibernate/common/hibernate-commons-annotations/5.0.1.Final/hibernate-commons-annotations-5.0.1.Final.jar:/Users/cavendanoa/.m2/repository/org/springframework/data/spring-data-jpa/2.0.10.RELEASE/spring-data-jpa-2.0.10.RELEASE.jar:/Users/cavendanoa/.m2/repository/org/springframework/data/spring-data-commons/2.0.10.RELEASE/spring-data-commons-2.0.10.RELEASE.jar:/Users/cavendanoa/.m2/repository/org/springframework/spring-orm/5.0.9.RELEASE/spring-orm-5.0.9.RELEASE.jar:/Users/cavendanoa/.m2/repository/org/springframework/spring-context/5.0.9.RELEASE/spring-context-5.0.9.RELEASE.jar:/Users/cavendanoa/.m2/repository/org/springframework/spring-tx/5.0.9.RELEASE/spring-tx-5.0.9.RELEASE.jar:/Users/cavendanoa/.m2/repository/org/springframework/spring-beans/5.0.9.RELEASE/spring-beans-5.0.9.RELEASE.jar:/Users/cavendanoa/.m2/repository/org/springframework/spring-aspects/5.0.9.RELEASE/spring-aspects-5.0.9.RELEASE.jar:/Users/cavendanoa/.m2/repository/org/springframework/boot/spring-boot-starter-data-mongodb/2.0.5.RELEASE/spring-boot-starter-data-mongodb-2.0.5.RELEASE.jar:/Users/cavendanoa/.m2/repository/org/mongodb/mongodb-driver/3.6.4/mongodb-driver-3.6.4.jar:/Users/cavendanoa/.m2/repository/org/mongodb/bson/3.6.4/bson-3.6.4.jar:/Users/cavendanoa/.m2/repository/org/mongodb/mongodb-driver-core/3.6.4/mongodb-driver-core-3.6.4.jar:/Users/cavendanoa/.m2/repository/org/springframework/data/spring-data-mongodb/2.0.10.RELEASE/spring-data-mongodb-2.0.10.RELEASE.jar:/Users/cavendanoa/.m2/repository/org/springframework/spring-expression/5.0.9.RELEASE/spring-expression-5.0.9.RELEASE.jar:/Users/cavendanoa/.m2/repository/org/springframework/boot/spring-boot-starter-web/2.0.5.RELEASE/spring-boot-starter-web-2.0.5.RELEASE.jar:/Users/cavendanoa/.m2/repository/org/springframework/boot/spring-boot-starter-json/2.0.5.RELEASE/spring-boot-starter-json-2.0.5.RELEASE.jar:/Users/cavendanoa/.m2/repository/com/fasterxml/jackson/core/jackson-databind/2.9.6/jackson-databind-2.9.6.jar:/Users/cavendanoa/.m2/repository/com/fasterxml/jackson/core/jackson-core/2.9.6/jackson-core-2.9.6.jar:/Users/cavendanoa/.m2/repository/com/fasterxml/jackson/datatype/jackson-datatype-jdk8/2.9.6/jackson-datatype-jdk8-2.9.6.jar:/Users/cavendanoa/.m2/repository/com/fasterxml/jackson/datatype/jackson-datatype-jsr310/2.9.6/jackson-datatype-jsr310-2.9.6.jar:/Users/cavendanoa/.m2/repository/com/fasterxml/jackson/module/jackson-module-parameter-names/2.9.6/jackson-module-parameter-names-2.9.6.jar:/Users/cavendanoa/.m2/repository/org/springframework/boot/spring-boot-starter-tomcat/2.0.5.RELEASE/spring-boot-starter-tomcat-2.0.5.RELEASE.jar:/Users/cavendanoa/.m2/repository/org/apache/tomcat/embed/tomcat-embed-core/8.5.34/tomcat-embed-core-8.5.34.jar:/Users/cavendanoa/.m2/repository/org/apache/tomcat/embed/tomcat-embed-el/8.5.34/tomcat-embed-el-8.5.34.jar:/Users/cavendanoa/.m2/repository/org/apache/tomcat/embed/tomcat-embed-websocket/8.5.34/tomcat-embed-websocket-8.5.34.jar:/Users/cavendanoa/.m2/repository/org/hibernate/validator/hibernate-validator/6.0.12.Final/hibernate-validator-6.0.12.Final.jar:/Users/cavendanoa/.m2/repository/javax/validation/validation-api/2.0.1.Final/validation-api-2.0.1.Final.jar:/Users/cavendanoa/.m2/repository/org/springframework/spring-web/5.0.9.RELEASE/spring-web-5.0.9.RELEASE.jar:/Users/cavendanoa/.m2/repository/org/springframework/spring-webmvc/5.0.9.RELEASE/spring-webmvc-5.0.9.RELEASE.jar:/Users/cavendanoa/.m2/repository/org/springframework/boot/spring-boot-starter-actuator/2.0.5.RELEASE/spring-boot-starter-actuator-2.0.5.RELEASE.jar:/Users/cavendanoa/.m2/repository/org/springframework/boot/spring-boot-actuator-autoconfigure/2.0.5.RELEASE/spring-boot-actuator-autoconfigure-2.0.5.RELEASE.jar:/Users/cavendanoa/.m2/repository/org/springframework/boot/spring-boot-actuator/2.0.5.RELEASE/spring-boot-actuator-2.0.5.RELEASE.jar:/Users/cavendanoa/.m2/repository/org/springframework/boot/spring-boot-starter-test/2.0.5.RELEASE/spring-boot-starter-test-2.0.5.RELEASE.jar:/Users/cavendanoa/.m2/repository/org/springframework/boot/spring-boot-test/2.0.5.RELEASE/spring-boot-test-2.0.5.RELEASE.jar:/Users/cavendanoa/.m2/repository/org/springframework/boot/spring-boot-test-autoconfigure/2.0.5.RELEASE/spring-boot-test-autoconfigure-2.0.5.RELEASE.jar:/Users/cavendanoa/.m2/repository/com/jayway/jsonpath/json-path/2.4.0/json-path-2.4.0.jar:/Users/cavendanoa/.m2/repository/net/minidev/json-smart/2.3/json-smart-2.3.jar:/Users/cavendanoa/.m2/repository/net/minidev/accessors-smart/1.2/accessors-smart-1.2.jar:/Users/cavendanoa/.m2/repository/junit/junit/4.12/junit-4.12.jar:/Users/cavendanoa/.m2/repository/org/assertj/assertj-core/3.9.1/assertj-core-3.9.1.jar:/Users/cavendanoa/.m2/repository/org/mockito/mockito-core/2.15.0/mockito-core-2.15.0.jar:/Users/cavendanoa/.m2/repository/net/bytebuddy/byte-buddy/1.7.11/byte-buddy-1.7.11.jar:/Users/cavendanoa/.m2/repository/net/bytebuddy/byte-buddy-agent/1.7.11/byte-buddy-agent-1.7.11.jar:/Users/cavendanoa/.m2/repository/org/objenesis/objenesis/2.6/objenesis-2.6.jar:/Users/cavendanoa/.m2/repository/org/hamcrest/hamcrest-core/1.3/hamcrest-core-1.3.jar:/Users/cavendanoa/.m2/repository/org/hamcrest/hamcrest-library/1.3/hamcrest-library-1.3.jar:/Users/cavendanoa/.m2/repository/org/skyscreamer/jsonassert/1.5.0/jsonassert-1.5.0.jar:/Users/cavendanoa/.m2/repository/com/vaadin/external/google/android-json/0.0.20131108.vaadin1/android-json-0.0.20131108.vaadin1.jar:/Users/cavendanoa/.m2/repository/org/springframework/spring-core/5.0.9.RELEASE/spring-core-5.0.9.RELEASE.jar:/Users/cavendanoa/.m2/repository/org/springframework/spring-jcl/5.0.9.RELEASE/spring-jcl-5.0.9.RELEASE.jar:/Users/cavendanoa/.m2/repository/org/springframework/spring-test/5.0.9.RELEASE/spring-test-5.0.9.RELEASE.jar:/Users/cavendanoa/.m2/repository/org/xmlunit/xmlunit-core/2.5.1/xmlunit-core-2.5.1.jar:/Users/cavendanoa/.m2/repository/org/springframework/boot/spring-boot-starter-jdbc/2.0.5.RELEASE/spring-boot-starter-jdbc-2.0.5.RELEASE.jar:/Users/cavendanoa/.m2/repository/com/zaxxer/HikariCP/2.7.9/HikariCP-2.7.9.jar:/Users/cavendanoa/.m2/repository/org/springframework/spring-jdbc/5.0.9.RELEASE/spring-jdbc-5.0.9.RELEASE.jar:/Users/cavendanoa/.m2/repository/org/springframework/cloud/spring-cloud-starter-contract-verifier/2.1.1.RELEASE/spring-cloud-starter-contract-verifier-2.1.1.RELEASE.jar:/Users/cavendanoa/.m2/repository/org/springframework/cloud/spring-cloud-contract-verifier/2.1.1.RELEASE/spring-cloud-contract-verifier-2.1.1.RELEASE.jar:/Users/cavendanoa/.m2/repository/org/springframework/cloud/spring-cloud-contract-spec/2.1.1.RELEASE/spring-cloud-contract-spec-2.1.1.RELEASE.jar:/Users/cavendanoa/.m2/repository/dk/brics/automaton/automaton/1.11-8/automaton-1.11-8.jar:/Users/cavendanoa/.m2/repository/org/apache/commons/commons-text/1.6/commons-text-1.6.jar:/Users/cavendanoa/.m2/repository/javax/inject/javax.inject/1/javax.inject-1.jar:/Users/cavendanoa/.m2/repository/com/github/tomakehurst/wiremock-standalone/2.20.0/wiremock-standalone-2.20.0.jar:/Users/cavendanoa/.m2/repository/com/rackspace/eclipse/webtools/sourceediting/org.eclipse.wst.xml.xpath2.processor/2.1.100/org.eclipse.wst.xml.xpath2.processor-2.1.100.jar:/Users/cavendanoa/.m2/repository/edu/princeton/cup/java-cup/10k/java-cup-10k.jar:/Users/cavendanoa/.m2/repository/com/ibm/icu/icu4j/4.6/icu4j-4.6.jar:/Users/cavendanoa/.m2/repository/org/codehaus/groovy/groovy/2.4.15/groovy-2.4.15.jar:/Users/cavendanoa/.m2/repository/org/codehaus/groovy/groovy-nio/2.4.15/groovy-nio-2.4.15.jar:/Users/cavendanoa/.m2/repository/org/codehaus/groovy/groovy-json/2.4.15/groovy-json-2.4.15.jar:/Users/cavendanoa/.m2/repository/org/codehaus/groovy/groovy-xml/2.4.15/groovy-xml-2.4.15.jar:/Users/cavendanoa/.m2/repository/com/github/jknack/handlebars/4.1.2/handlebars-4.1.2.jar:/Users/cavendanoa/.m2/repository/commons-beanutils/commons-beanutils/1.9.3/commons-beanutils-1.9.3.jar:/Users/cavendanoa/.m2/repository/commons-logging/commons-logging/1.2/commons-logging-1.2.jar:/Users/cavendanoa/.m2/repository/commons-collections/commons-collections/3.2.2/commons-collections-3.2.2.jar:/Users/cavendanoa/.m2/repository/com/fasterxml/jackson/dataformat/jackson-dataformat-yaml/2.9.6/jackson-dataformat-yaml-2.9.6.jar:/Users/cavendanoa/.m2/repository/org/junit/jupiter/junit-jupiter-api/5.1.1/junit-jupiter-api-5.1.1.jar:/Users/cavendanoa/.m2/repository/org/apiguardian/apiguardian-api/1.0.0/apiguardian-api-1.0.0.jar:/Users/cavendanoa/.m2/repository/org/opentest4j/opentest4j/1.0.0/opentest4j-1.0.0.jar:/Users/cavendanoa/.m2/repository/org/junit/platform/junit-platform-commons/1.1.1/junit-platform-commons-1.1.1.jar:/Users/cavendanoa/.m2/repository/io/rest-assured/rest-assured/3.0.7/rest-assured-3.0.7.jar:/Users/cavendanoa/.m2/repository/org/apache/httpcomponents/httpclient/4.5.6/httpclient-4.5.6.jar:/Users/cavendanoa/.m2/repository/org/apache/httpcomponents/httpcore/4.4.10/httpcore-4.4.10.jar:/Users/cavendanoa/.m2/repository/commons-codec/commons-codec/1.11/commons-codec-1.11.jar:/Users/cavendanoa/.m2/repository/org/apache/httpcomponents/httpmime/4.5.6/httpmime-4.5.6.jar:/Users/cavendanoa/.m2/repository/org/ccil/cowan/tagsoup/tagsoup/1.2.1/tagsoup-1.2.1.jar:/Users/cavendanoa/.m2/repository/io/rest-assured/json-path/3.0.7/json-path-3.0.7.jar:/Users/cavendanoa/.m2/repository/io/rest-assured/rest-assured-common/3.0.7/rest-assured-common-3.0.7.jar:/Users/cavendanoa/.m2/repository/io/rest-assured/xml-path/3.0.7/xml-path-3.0.7.jar:/Users/cavendanoa/.m2/repository/org/apache/commons/commons-lang3/3.7/commons-lang3-3.7.jar:/Users/cavendanoa/.m2/repository/javax/xml/bind/jaxb-api/2.3.0/jaxb-api-2.3.0.jar:/Users/cavendanoa/.m2/repository/io/rest-assured/spring-mock-mvc/3.0.7/spring-mock-mvc-3.0.7.jar:/Users/cavendanoa/.m2/repository/com/toomuchcoding/jsonassert/jsonassert/0.4.13/jsonassert-0.4.13.jar:/Users/cavendanoa/.m2/repository/cglib/cglib/3.2.9/cglib-3.2.9.jar:/Users/cavendanoa/.m2/repository/org/ow2/asm/asm/7.0/asm-7.0.jar:/Users/cavendanoa/.m2/repository/org/apache/ant/ant/1.10.3/ant-1.10.3.jar:/Users/cavendanoa/.m2/repository/org/apache/ant/ant-launcher/1.10.3/ant-launcher-1.10.3.jar:"/>
    <property name="java.vm.vendor" value="Oracle Corporation"/>
    <property name="sun.arch.data.model" value="64"/>
    <property name="java.vendor.url" value="http://java.oracle.com/"/>
    <property name="user.timezone" value=""/>
    <property name="java.vm.specification.version" value="1.8"/>
    <property name="os.name" value="Mac OS X"/>
    <property name="user.country" value="419"/>
    <property name="sun.java.launcher" value="SUN_STANDARD"/>
    <property name="sun.boot.library.path" value="/Library/Java/JavaVirtualMachines/jdk1.8.0_202.jdk/Contents/Home/jre/lib"/>
    <property name="sun.java.command" value="/Users/cavendanoa/Documents/Carlos-Docs/order-processing-system/invoice-service/target/surefire/surefirebooter8683475724427092731.jar /Users/cavendanoa/Documents/Carlos-Docs/order-processing-system/invoice-service/target/surefire 2019-08-23T10-49-20_130-jvmRun1 surefire7224360730330006083tmp surefire_07826668929218034707tmp"/>
    <property name="http.nonProxyHosts" value="local|*.local|169.254/16|*.169.254/16"/>
    <property name="surefire.test.class.path" value="/Users/cavendanoa/Documents/Carlos-Docs/order-processing-system/invoice-service/target/test-classes:/Users/cavendanoa/Documents/Carlos-Docs/order-processing-system/invoice-service/target/classes:/Users/cavendanoa/Documents/Carlos-Docs/order-processing-system/domain-info/target/domain-info.jar:/Users/cavendanoa/.m2/repository/io/eventuate/tram/core/eventuate-tram-events/0.21.0.RELEASE/eventuate-tram-events-0.21.0.RELEASE.jar:/Users/cavendanoa/.m2/repository/io/eventuate/tram/core/eventuate-tram-messaging/0.21.0.RELEASE/eventuate-tram-messaging-0.21.0.RELEASE.jar:/Users/cavendanoa/.m2/repository/commons-lang/commons-lang/2.6/commons-lang-2.6.jar:/Users/cavendanoa/.m2/repository/io/eventuate/client/java/eventuate-client-java-common-impl/0.20.1.RELEASE/eventuate-client-java-common-impl-0.20.1.RELEASE.jar:/Users/cavendanoa/.m2/repository/io/eventuate/client/java/eventuate-client-java/0.20.1.RELEASE/eventuate-client-java-0.20.1.RELEASE.jar:/Users/cavendanoa/.m2/repository/io/eventuate/tram/core/eventuate-tram-commands/0.21.0.RELEASE/eventuate-tram-commands-0.21.0.RELEASE.jar:/Users/cavendanoa/.m2/repository/io/eventuate/tram/sagas/eventuate-jpa-sagas-framework/0.11.1.RELEASE/eventuate-jpa-sagas-framework-0.11.1.RELEASE.jar:/Users/cavendanoa/.m2/repository/io/eventuate/tram/sagas/eventuate-tram-sagas-common/0.11.1.RELEASE/eventuate-tram-sagas-common-0.11.1.RELEASE.jar:/Users/cavendanoa/.m2/repository/io/eventuate/client/java/eventuate-client-java-jdbc-common/0.20.1.RELEASE/eventuate-client-java-jdbc-common-0.20.1.RELEASE.jar:/Users/cavendanoa/.m2/repository/io/eventuate/tram/sagas/eventuate-tram-sagas-orchestration/0.11.1.RELEASE/eventuate-tram-sagas-orchestration-0.11.1.RELEASE.jar:/Users/cavendanoa/.m2/repository/io/eventuate/tram/core/eventuate-tram-jdbc/0.20.0.RELEASE/eventuate-tram-jdbc-0.20.0.RELEASE.jar:/Users/cavendanoa/.m2/repository/io/eventuate/tram/sagas/eventuate-tram-sagas-participant/0.11.1.RELEASE/eventuate-tram-sagas-participant-0.11.1.RELEASE.jar:/Users/cavendanoa/.m2/repository/io/eventuate/tram/sagas/eventuate-tram-sagas-testing-support/0.11.1.RELEASE/eventuate-tram-sagas-testing-support-0.11.1.RELEASE.jar:/Users/cavendanoa/.m2/repository/io/eventuate/tram/core/eventuate-tram-testing-support/0.20.0.RELEASE/eventuate-tram-testing-support-0.20.0.RELEASE.jar:/Users/cavendanoa/.m2/repository/io/eventuate/tram/sagas/eventuate-tram-sagas-simple-dsl/0.11.1.RELEASE/eventuate-tram-sagas-simple-dsl-0.11.1.RELEASE.jar:/Users/cavendanoa/.m2/repository/io/eventuate/tram/sagas/eventuate-tram-sagas-in-memory/0.11.1.RELEASE/eventuate-tram-sagas-in-memory-0.11.1.RELEASE.jar:/Users/cavendanoa/.m2/repository/io/eventuate/tram/core/eventuate-tram-in-memory/0.20.0.RELEASE/eventuate-tram-in-memory-0.20.0.RELEASE.jar:/Users/cavendanoa/.m2/repository/com/h2database/h2/1.4.197/h2-1.4.197.jar:/Users/cavendanoa/.m2/repository/io/eventuate/tram/core/eventuate-tram-test-util/0.21.0.RELEASE/eventuate-tram-test-util-0.21.0.RELEASE.jar:/Users/cavendanoa/.m2/repository/io/eventuate/util/eventuate-util-test/0.1.0.RELEASE/eventuate-util-test-0.1.0.RELEASE.jar:/Users/cavendanoa/.m2/repository/io/eventuate/tram/core/eventuate-tram-jdbc-kafka/0.21.0.RELEASE/eventuate-tram-jdbc-kafka-0.21.0.RELEASE.jar:/Users/cavendanoa/.m2/repository/io/eventuate/tram/core/eventuate-tram-producer-jdbc/0.21.0.RELEASE/eventuate-tram-producer-jdbc-0.21.0.RELEASE.jar:/Users/cavendanoa/.m2/repository/io/eventuate/local/java/eventuate-local-java-jdbc/0.30.1.RELEASE/eventuate-local-java-jdbc-0.30.1.RELEASE.jar:/Users/cavendanoa/.m2/repository/io/eventuate/client/java/eventuate-client-java-spring-common/0.20.1.RELEASE/eventuate-client-java-spring-common-0.20.1.RELEASE.jar:/Users/cavendanoa/.m2/repository/io/eventuate/client/java/eventuate-client-java-event-handling/0.20.1.RELEASE/eventuate-client-java-event-handling-0.20.1.RELEASE.jar:/Users/cavendanoa/.m2/repository/org/postgresql/postgresql/42.2.5/postgresql-42.2.5.jar:/Users/cavendanoa/.m2/repository/com/microsoft/sqlserver/mssql-jdbc/6.2.2.jre8/mssql-jdbc-6.2.2.jre8.jar:/Users/cavendanoa/.m2/repository/io/eventuate/tram/core/eventuate-tram-consumer-kafka/0.21.0.RELEASE/eventuate-tram-consumer-kafka-0.21.0.RELEASE.jar:/Users/cavendanoa/.m2/repository/io/eventuate/tram/core/eventuate-tram-consumer-common/0.21.0.RELEASE/eventuate-tram-consumer-common-0.21.0.RELEASE.jar:/Users/cavendanoa/.m2/repository/io/eventuate/local/java/eventuate-coordination-leadership/0.30.1.RELEASE/eventuate-coordination-leadership-0.30.1.RELEASE.jar:/Users/cavendanoa/.m2/repository/org/apache/curator/curator-recipes/2.11.0/curator-recipes-2.11.0.jar:/Users/cavendanoa/.m2/repository/org/apache/curator/curator-framework/2.11.0/curator-framework-2.11.0.jar:/Users/cavendanoa/.m2/repository/org/apache/curator/curator-client/2.11.0/curator-client-2.11.0.jar:/Users/cavendanoa/.m2/repository/org/apache/zookeeper/zookeeper/3.4.6/zookeeper-3.4.6.jar:/Users/cavendanoa/.m2/repository/log4j/log4j/1.2.16/log4j-1.2.16.jar:/Users/cavendanoa/.m2/repository/jline/jline/0.9.94/jline-0.9.94.jar:/Users/cavendanoa/.m2/repository/io/netty/netty/3.7.0.Final/netty-3.7.0.Final.jar:/Users/cavendanoa/.m2/repository/io/eventuate/local/java/eventuate-local-java-common/0.30.1.RELEASE/eventuate-local-java-common-0.30.1.RELEASE.jar:/Users/cavendanoa/.m2/repository/io/eventuate/local/java/eventuate-local-java-kafka/0.30.1.RELEASE/eventuate-local-java-kafka-0.30.1.RELEASE.jar:/Users/cavendanoa/.m2/repository/org/apache/kafka/kafka-clients/1.0.2/kafka-clients-1.0.2.jar:/Users/cavendanoa/.m2/repository/org/lz4/lz4-java/1.4/lz4-java-1.4.jar:/Users/cavendanoa/.m2/repository/org/xerial/snappy/snappy-java/1.1.4/snappy-java-1.1.4.jar:/Users/cavendanoa/.m2/repository/org/hibernate/hibernate-validator/5.2.3.Final/hibernate-validator-5.2.3.Final.jar:/Users/cavendanoa/.m2/repository/io/eventuate/local/java/eventuate-local-java-common-broker/0.30.1.RELEASE/eventuate-local-java-common-broker-0.30.1.RELEASE.jar:/Users/cavendanoa/.m2/repository/io/eventuate/tram/core/eventuate-tram-consumer-jdbc/0.21.0.RELEASE/eventuate-tram-consumer-jdbc-0.21.0.RELEASE.jar:/Users/cavendanoa/.m2/repository/io/eventuate/tram/core/eventuate-tram-testing-support-spring-cloud-contract/0.21.0.RELEASE/eventuate-tram-testing-support-spring-cloud-contract-0.21.0.RELEASE.jar:/Users/cavendanoa/.m2/repository/org/springframework/cloud/spring-cloud-starter-contract-stub-runner/2.0.0.RELEASE/spring-cloud-starter-contract-stub-runner-2.0.0.RELEASE.jar:/Users/cavendanoa/.m2/repository/org/springframework/cloud/spring-cloud-contract-stub-runner/2.0.0.RELEASE/spring-cloud-contract-stub-runner-2.0.0.RELEASE.jar:/Users/cavendanoa/.m2/repository/org/springframework/cloud/spring-cloud-contract-shade/2.0.0.RELEASE/spring-cloud-contract-shade-2.0.0.RELEASE.jar:/Users/cavendanoa/.m2/repository/org/eclipse/jgit/org.eclipse.jgit/4.6.0.201612231935-r/org.eclipse.jgit-4.6.0.201612231935-r.jar:/Users/cavendanoa/.m2/repository/com/jcraft/jsch/0.1.53/jsch-0.1.53.jar:/Users/cavendanoa/.m2/repository/com/googlecode/javaewah/JavaEWAH/1.1.6/JavaEWAH-1.1.6.jar:/Users/cavendanoa/.m2/repository/com/jcraft/jsch.agentproxy.sshagent/0.0.9/jsch.agentproxy.sshagent-0.0.9.jar:/Users/cavendanoa/.m2/repository/com/jcraft/jsch.agentproxy.core/0.0.9/jsch.agentproxy.core-0.0.9.jar:/Users/cavendanoa/.m2/repository/com/jcraft/jsch.agentproxy.jsch/0.0.9/jsch.agentproxy.jsch-0.0.9.jar:/Users/cavendanoa/.m2/repository/com/jcraft/jsch.agentproxy.usocket-jna/0.0.9/jsch.agentproxy.usocket-jna-0.0.9.jar:/Users/cavendanoa/.m2/repository/net/java/dev/jna/jna/4.5.2/jna-4.5.2.jar:/Users/cavendanoa/.m2/repository/net/java/dev/jna/jna-platform/4.5.2/jna-platform-4.5.2.jar:/Users/cavendanoa/.m2/repository/org/springframework/cloud/spring-cloud-stream-test-support/2.0.0.RELEASE/spring-cloud-stream-test-support-2.0.0.RELEASE.jar:/Users/cavendanoa/.m2/repository/org/springframework/cloud/spring-cloud-stream/2.0.0.RELEASE/spring-cloud-stream-2.0.0.RELEASE.jar:/Users/cavendanoa/.m2/repository/org/springframework/boot/spring-boot-starter-validation/2.0.5.RELEASE/spring-boot-starter-validation-2.0.5.RELEASE.jar:/Users/cavendanoa/.m2/repository/org/springframework/spring-messaging/5.0.9.RELEASE/spring-messaging-5.0.9.RELEASE.jar:/Users/cavendanoa/.m2/repository/org/springframework/integration/spring-integration-core/5.0.8.RELEASE/spring-integration-core-5.0.8.RELEASE.jar:/Users/cavendanoa/.m2/repository/io/projectreactor/reactor-core/3.1.9.RELEASE/reactor-core-3.1.9.RELEASE.jar:/Users/cavendanoa/.m2/repository/org/reactivestreams/reactive-streams/1.0.2/reactive-streams-1.0.2.jar:/Users/cavendanoa/.m2/repository/org/springframework/integration/spring-integration-jmx/5.0.8.RELEASE/spring-integration-jmx-5.0.8.RELEASE.jar:/Users/cavendanoa/.m2/repository/org/springframework/spring-tuple/1.0.0.RELEASE/spring-tuple-1.0.0.RELEASE.jar:/Users/cavendanoa/.m2/repository/com/esotericsoftware/kryo-shaded/3.0.3/kryo-shaded-3.0.3.jar:/Users/cavendanoa/.m2/repository/com/esotericsoftware/minlog/1.3.0/minlog-1.3.0.jar:/Users/cavendanoa/.m2/repository/org/springframework/integration/spring-integration-tuple/1.0.0.RELEASE/spring-integration-tuple-1.0.0.RELEASE.jar:/Users/cavendanoa/.m2/repository/org/springframework/retry/spring-retry/1.2.2.RELEASE/spring-retry-1.2.2.RELEASE.jar:/Users/cavendanoa/.m2/repository/org/springframework/cloud/spring-cloud-contract-wiremock/2.0.0.RELEASE/spring-cloud-contract-wiremock-2.0.0.RELEASE.jar:/Users/cavendanoa/.m2/repository/org/eclipse/aether/aether-api/1.0.2.v20150114/aether-api-1.0.2.v20150114.jar:/Users/cavendanoa/.m2/repository/io/springfox/springfox-swagger2/2.9.2/springfox-swagger2-2.9.2.jar:/Users/cavendanoa/.m2/repository/io/swagger/swagger-annotations/1.5.20/swagger-annotations-1.5.20.jar:/Users/cavendanoa/.m2/repository/io/swagger/swagger-models/1.5.20/swagger-models-1.5.20.jar:/Users/cavendanoa/.m2/repository/com/fasterxml/jackson/core/jackson-annotations/2.9.0/jackson-annotations-2.9.0.jar:/Users/cavendanoa/.m2/repository/io/springfox/springfox-spi/2.9.2/springfox-spi-2.9.2.jar:/Users/cavendanoa/.m2/repository/io/springfox/springfox-core/2.9.2/springfox-core-2.9.2.jar:/Users/cavendanoa/.m2/repository/io/springfox/springfox-schema/2.9.2/springfox-schema-2.9.2.jar:/Users/cavendanoa/.m2/repository/io/springfox/springfox-swagger-common/2.9.2/springfox-swagger-common-2.9.2.jar:/Users/cavendanoa/.m2/repository/io/springfox/springfox-spring-web/2.9.2/springfox-spring-web-2.9.2.jar:/Users/cavendanoa/.m2/repository/com/google/guava/guava/20.0/guava-20.0.jar:/Users/cavendanoa/.m2/repository/com/fasterxml/classmate/1.3.4/classmate-1.3.4.jar:/Users/cavendanoa/.m2/repository/org/slf4j/slf4j-api/1.7.25/slf4j-api-1.7.25.jar:/Users/cavendanoa/.m2/repository/org/springframework/plugin/spring-plugin-core/1.2.0.RELEASE/spring-plugin-core-1.2.0.RELEASE.jar:/Users/cavendanoa/.m2/repository/org/springframework/plugin/spring-plugin-metadata/1.2.0.RELEASE/spring-plugin-metadata-1.2.0.RELEASE.jar:/Users/cavendanoa/.m2/repository/org/mapstruct/mapstruct/1.2.0.Final/mapstruct-1.2.0.Final.jar:/Users/cavendanoa/.m2/repository/io/springfox/springfox-swagger-ui/2.9.2/springfox-swagger-ui-2.9.2.jar:/Users/cavendanoa/.m2/repository/mysql/mysql-connector-java/5.1.47/mysql-connector-java-5.1.47.jar:/Users/cavendanoa/.m2/repository/org/projectlombok/lombok/1.16.22/lombok-1.16.22.jar:/Users/cavendanoa/.m2/repository/io/micrometer/micrometer-core/1.0.6/micrometer-core-1.0.6.jar:/Users/cavendanoa/.m2/repository/org/hdrhistogram/HdrHistogram/2.1.10/HdrHistogram-2.1.10.jar:/Users/cavendanoa/.m2/repository/org/latencyutils/LatencyUtils/2.0.3/LatencyUtils-2.0.3.jar:/Users/cavendanoa/.m2/repository/io/micrometer/micrometer-registry-prometheus/1.0.6/micrometer-registry-prometheus-1.0.6.jar:/Users/cavendanoa/.m2/repository/io/prometheus/simpleclient_common/0.4.0/simpleclient_common-0.4.0.jar:/Users/cavendanoa/.m2/repository/io/prometheus/simpleclient/0.4.0/simpleclient-0.4.0.jar:/Users/cavendanoa/.m2/repository/org/springframework/boot/spring-boot-starter-data-jpa/2.0.5.RELEASE/spring-boot-starter-data-jpa-2.0.5.RELEASE.jar:/Users/cavendanoa/.m2/repository/org/springframework/boot/spring-boot-starter/2.0.5.RELEASE/spring-boot-starter-2.0.5.RELEASE.jar:/Users/cavendanoa/.m2/repository/org/springframework/boot/spring-boot/2.0.5.RELEASE/spring-boot-2.0.5.RELEASE.jar:/Users/cavendanoa/.m2/repository/org/springframework/boot/spring-boot-autoconfigure/2.0.5.RELEASE/spring-boot-autoconfigure-2.0.5.RELEASE.jar:/Users/cavendanoa/.m2/repository/org/springframework/boot/spring-boot-starter-logging/2.0.5.RELEASE/spring-boot-starter-logging-2.0.5.RELEASE.jar:/Users/cavendanoa/.m2/repository/ch/qos/logback/logback-classic/1.2.3/logback-classic-1.2.3.jar:/Users/cavendanoa/.m2/repository/ch/qos/logback/logback-core/1.2.3/logback-core-1.2.3.jar:/Users/cavendanoa/.m2/repository/org/apache/logging/log4j/log4j-to-slf4j/2.10.0/log4j-to-slf4j-2.10.0.jar:/Users/cavendanoa/.m2/repository/org/apache/logging/log4j/log4j-api/2.10.0/log4j-api-2.10.0.jar:/Users/cavendanoa/.m2/repository/org/slf4j/jul-to-slf4j/1.7.25/jul-to-slf4j-1.7.25.jar:/Users/cavendanoa/.m2/repository/javax/annotation/javax.annotation-api/1.3.2/javax.annotation-api-1.3.2.jar:/Users/cavendanoa/.m2/repository/org/yaml/snakeyaml/1.19/snakeyaml-1.19.jar:/Users/cavendanoa/.m2/repository/org/springframework/boot/spring-boot-starter-aop/2.0.5.RELEASE/spring-boot-starter-aop-2.0.5.RELEASE.jar:/Users/cavendanoa/.m2/repository/org/springframework/spring-aop/5.0.9.RELEASE/spring-aop-5.0.9.RELEASE.jar:/Users/cavendanoa/.m2/repository/org/aspectj/aspectjweaver/1.8.13/aspectjweaver-1.8.13.jar:/Users/cavendanoa/.m2/repository/javax/transaction/javax.transaction-api/1.2/javax.transaction-api-1.2.jar:/Users/cavendanoa/.m2/repository/org/hibernate/hibernate-core/5.2.17.Final/hibernate-core-5.2.17.Final.jar:/Users/cavendanoa/.m2/repository/org/jboss/logging/jboss-logging/3.3.2.Final/jboss-logging-3.3.2.Final.jar:/Users/cavendanoa/.m2/repository/org/hibernate/javax/persistence/hibernate-jpa-2.1-api/1.0.2.Final/hibernate-jpa-2.1-api-1.0.2.Final.jar:/Users/cavendanoa/.m2/repository/org/javassist/javassist/3.22.0-GA/javassist-3.22.0-GA.jar:/Users/cavendanoa/.m2/repository/antlr/antlr/2.7.7/antlr-2.7.7.jar:/Users/cavendanoa/.m2/repository/org/jboss/jandex/2.0.3.Final/jandex-2.0.3.Final.jar:/Users/cavendanoa/.m2/repository/dom4j/dom4j/1.6.1/dom4j-1.6.1.jar:/Users/cavendanoa/.m2/repository/org/hibernate/common/hibernate-commons-annotations/5.0.1.Final/hibernate-commons-annotations-5.0.1.Final.jar:/Users/cavendanoa/.m2/repository/org/springframework/data/spring-data-jpa/2.0.10.RELEASE/spring-data-jpa-2.0.10.RELEASE.jar:/Users/cavendanoa/.m2/repository/org/springframework/data/spring-data-commons/2.0.10.RELEASE/spring-data-commons-2.0.10.RELEASE.jar:/Users/cavendanoa/.m2/repository/org/springframework/spring-orm/5.0.9.RELEASE/spring-orm-5.0.9.RELEASE.jar:/Users/cavendanoa/.m2/repository/org/springframework/spring-context/5.0.9.RELEASE/spring-context-5.0.9.RELEASE.jar:/Users/cavendanoa/.m2/repository/org/springframework/spring-tx/5.0.9.RELEASE/spring-tx-5.0.9.RELEASE.jar:/Users/cavendanoa/.m2/repository/org/springframework/spring-beans/5.0.9.RELEASE/spring-beans-5.0.9.RELEASE.jar:/Users/cavendanoa/.m2/repository/org/springframework/spring-aspects/5.0.9.RELEASE/spring-aspects-5.0.9.RELEASE.jar:/Users/cavendanoa/.m2/repository/org/springframework/boot/spring-boot-starter-data-mongodb/2.0.5.RELEASE/spring-boot-starter-data-mongodb-2.0.5.RELEASE.jar:/Users/cavendanoa/.m2/repository/org/mongodb/mongodb-driver/3.6.4/mongodb-driver-3.6.4.jar:/Users/cavendanoa/.m2/repository/org/mongodb/bson/3.6.4/bson-3.6.4.jar:/Users/cavendanoa/.m2/repository/org/mongodb/mongodb-driver-core/3.6.4/mongodb-driver-core-3.6.4.jar:/Users/cavendanoa/.m2/repository/org/springframework/data/spring-data-mongodb/2.0.10.RELEASE/spring-data-mongodb-2.0.10.RELEASE.jar:/Users/cavendanoa/.m2/repository/org/springframework/spring-expression/5.0.9.RELEASE/spring-expression-5.0.9.RELEASE.jar:/Users/cavendanoa/.m2/repository/org/springframework/boot/spring-boot-starter-web/2.0.5.RELEASE/spring-boot-starter-web-2.0.5.RELEASE.jar:/Users/cavendanoa/.m2/repository/org/springframework/boot/spring-boot-starter-json/2.0.5.RELEASE/spring-boot-starter-json-2.0.5.RELEASE.jar:/Users/cavendanoa/.m2/repository/com/fasterxml/jackson/core/jackson-databind/2.9.6/jackson-databind-2.9.6.jar:/Users/cavendanoa/.m2/repository/com/fasterxml/jackson/core/jackson-core/2.9.6/jackson-core-2.9.6.jar:/Users/cavendanoa/.m2/repository/com/fasterxml/jackson/datatype/jackson-datatype-jdk8/2.9.6/jackson-datatype-jdk8-2.9.6.jar:/Users/cavendanoa/.m2/repository/com/fasterxml/jackson/datatype/jackson-datatype-jsr310/2.9.6/jackson-datatype-jsr310-2.9.6.jar:/Users/cavendanoa/.m2/repository/com/fasterxml/jackson/module/jackson-module-parameter-names/2.9.6/jackson-module-parameter-names-2.9.6.jar:/Users/cavendanoa/.m2/repository/org/springframework/boot/spring-boot-starter-tomcat/2.0.5.RELEASE/spring-boot-starter-tomcat-2.0.5.RELEASE.jar:/Users/cavendanoa/.m2/repository/org/apache/tomcat/embed/tomcat-embed-core/8.5.34/tomcat-embed-core-8.5.34.jar:/Users/cavendanoa/.m2/repository/org/apache/tomcat/embed/tomcat-embed-el/8.5.34/tomcat-embed-el-8.5.34.jar:/Users/cavendanoa/.m2/repository/org/apache/tomcat/embed/tomcat-embed-websocket/8.5.34/tomcat-embed-websocket-8.5.34.jar:/Users/cavendanoa/.m2/repository/org/hibernate/validator/hibernate-validator/6.0.12.Final/hibernate-validator-6.0.12.Final.jar:/Users/cavendanoa/.m2/repository/javax/validation/validation-api/2.0.1.Final/validation-api-2.0.1.Final.jar:/Users/cavendanoa/.m2/repository/org/springframework/spring-web/5.0.9.RELEASE/spring-web-5.0.9.RELEASE.jar:/Users/cavendanoa/.m2/repository/org/springframework/spring-webmvc/5.0.9.RELEASE/spring-webmvc-5.0.9.RELEASE.jar:/Users/cavendanoa/.m2/repository/org/springframework/boot/spring-boot-starter-actuator/2.0.5.RELEASE/spring-boot-starter-actuator-2.0.5.RELEASE.jar:/Users/cavendanoa/.m2/repository/org/springframework/boot/spring-boot-actuator-autoconfigure/2.0.5.RELEASE/spring-boot-actuator-autoconfigure-2.0.5.RELEASE.jar:/Users/cavendanoa/.m2/repository/org/springframework/boot/spring-boot-actuator/2.0.5.RELEASE/spring-boot-actuator-2.0.5.RELEASE.jar:/Users/cavendanoa/.m2/repository/org/springframework/boot/spring-boot-starter-test/2.0.5.RELEASE/spring-boot-starter-test-2.0.5.RELEASE.jar:/Users/cavendanoa/.m2/repository/org/springframework/boot/spring-boot-test/2.0.5.RELEASE/spring-boot-test-2.0.5.RELEASE.jar:/Users/cavendanoa/.m2/repository/org/springframework/boot/spring-boot-test-autoconfigure/2.0.5.RELEASE/spring-boot-test-autoconfigure-2.0.5.RELEASE.jar:/Users/cavendanoa/.m2/repository/com/jayway/jsonpath/json-path/2.4.0/json-path-2.4.0.jar:/Users/cavendanoa/.m2/repository/net/minidev/json-smart/2.3/json-smart-2.3.jar:/Users/cavendanoa/.m2/repository/net/minidev/accessors-smart/1.2/accessors-smart-1.2.jar:/Users/cavendanoa/.m2/repository/junit/junit/4.12/junit-4.12.jar:/Users/cavendanoa/.m2/repository/org/assertj/assertj-core/3.9.1/assertj-core-3.9.1.jar:/Users/cavendanoa/.m2/repository/org/mockito/mockito-core/2.15.0/mockito-core-2.15.0.jar:/Users/cavendanoa/.m2/repository/net/bytebuddy/byte-buddy/1.7.11/byte-buddy-1.7.11.jar:/Users/cavendanoa/.m2/repository/net/bytebuddy/byte-buddy-agent/1.7.11/byte-buddy-agent-1.7.11.jar:/Users/cavendanoa/.m2/repository/org/objenesis/objenesis/2.6/objenesis-2.6.jar:/Users/cavendanoa/.m2/repository/org/hamcrest/hamcrest-core/1.3/hamcrest-core-1.3.jar:/Users/cavendanoa/.m2/repository/org/hamcrest/hamcrest-library/1.3/hamcrest-library-1.3.jar:/Users/cavendanoa/.m2/repository/org/skyscreamer/jsonassert/1.5.0/jsonassert-1.5.0.jar:/Users/cavendanoa/.m2/repository/com/vaadin/external/google/android-json/0.0.20131108.vaadin1/android-json-0.0.20131108.vaadin1.jar:/Users/cavendanoa/.m2/repository/org/springframework/spring-core/5.0.9.RELEASE/spring-core-5.0.9.RELEASE.jar:/Users/cavendanoa/.m2/repository/org/springframework/spring-jcl/5.0.9.RELEASE/spring-jcl-5.0.9.RELEASE.jar:/Users/cavendanoa/.m2/repository/org/springframework/spring-test/5.0.9.RELEASE/spring-test-5.0.9.RELEASE.jar:/Users/cavendanoa/.m2/repository/org/xmlunit/xmlunit-core/2.5.1/xmlunit-core-2.5.1.jar:/Users/cavendanoa/.m2/repository/org/springframework/boot/spring-boot-starter-jdbc/2.0.5.RELEASE/spring-boot-starter-jdbc-2.0.5.RELEASE.jar:/Users/cavendanoa/.m2/repository/com/zaxxer/HikariCP/2.7.9/HikariCP-2.7.9.jar:/Users/cavendanoa/.m2/repository/org/springframework/spring-jdbc/5.0.9.RELEASE/spring-jdbc-5.0.9.RELEASE.jar:/Users/cavendanoa/.m2/repository/org/springframework/cloud/spring-cloud-starter-contract-verifier/2.1.1.RELEASE/spring-cloud-starter-contract-verifier-2.1.1.RELEASE.jar:/Users/cavendanoa/.m2/repository/org/springframework/cloud/spring-cloud-contract-verifier/2.1.1.RELEASE/spring-cloud-contract-verifier-2.1.1.RELEASE.jar:/Users/cavendanoa/.m2/repository/org/springframework/cloud/spring-cloud-contract-spec/2.1.1.RELEASE/spring-cloud-contract-spec-2.1.1.RELEASE.jar:/Users/cavendanoa/.m2/repository/dk/brics/automaton/automaton/1.11-8/automaton-1.11-8.jar:/Users/cavendanoa/.m2/repository/org/apache/commons/commons-text/1.6/commons-text-1.6.jar:/Users/cavendanoa/.m2/repository/javax/inject/javax.inject/1/javax.inject-1.jar:/Users/cavendanoa/.m2/repository/com/github/tomakehurst/wiremock-standalone/2.20.0/wiremock-standalone-2.20.0.jar:/Users/cavendanoa/.m2/repository/com/rackspace/eclipse/webtools/sourceediting/org.eclipse.wst.xml.xpath2.processor/2.1.100/org.eclipse.wst.xml.xpath2.processor-2.1.100.jar:/Users/cavendanoa/.m2/repository/edu/princeton/cup/java-cup/10k/java-cup-10k.jar:/Users/cavendanoa/.m2/repository/com/ibm/icu/icu4j/4.6/icu4j-4.6.jar:/Users/cavendanoa/.m2/repository/org/codehaus/groovy/groovy/2.4.15/groovy-2.4.15.jar:/Users/cavendanoa/.m2/repository/org/codehaus/groovy/groovy-nio/2.4.15/groovy-nio-2.4.15.jar:/Users/cavendanoa/.m2/repository/org/codehaus/groovy/groovy-json/2.4.15/groovy-json-2.4.15.jar:/Users/cavendanoa/.m2/repository/org/codehaus/groovy/groovy-xml/2.4.15/groovy-xml-2.4.15.jar:/Users/cavendanoa/.m2/repository/com/github/jknack/handlebars/4.1.2/handlebars-4.1.2.jar:/Users/cavendanoa/.m2/repository/commons-beanutils/commons-beanutils/1.9.3/commons-beanutils-1.9.3.jar:/Users/cavendanoa/.m2/repository/commons-logging/commons-logging/1.2/commons-logging-1.2.jar:/Users/cavendanoa/.m2/repository/commons-collections/commons-collections/3.2.2/commons-collections-3.2.2.jar:/Users/cavendanoa/.m2/repository/com/fasterxml/jackson/dataformat/jackson-dataformat-yaml/2.9.6/jackson-dataformat-yaml-2.9.6.jar:/Users/cavendanoa/.m2/repository/org/junit/jupiter/junit-jupiter-api/5.1.1/junit-jupiter-api-5.1.1.jar:/Users/cavendanoa/.m2/repository/org/apiguardian/apiguardian-api/1.0.0/apiguardian-api-1.0.0.jar:/Users/cavendanoa/.m2/repository/org/opentest4j/opentest4j/1.0.0/opentest4j-1.0.0.jar:/Users/cavendanoa/.m2/repository/org/junit/platform/junit-platform-commons/1.1.1/junit-platform-commons-1.1.1.jar:/Users/cavendanoa/.m2/repository/io/rest-assured/rest-assured/3.0.7/rest-assured-3.0.7.jar:/Users/cavendanoa/.m2/repository/org/apache/httpcomponents/httpclient/4.5.6/httpclient-4.5.6.jar:/Users/cavendanoa/.m2/repository/org/apache/httpcomponents/httpcore/4.4.10/httpcore-4.4.10.jar:/Users/cavendanoa/.m2/repository/commons-codec/commons-codec/1.11/commons-codec-1.11.jar:/Users/cavendanoa/.m2/repository/org/apache/httpcomponents/httpmime/4.5.6/httpmime-4.5.6.jar:/Users/cavendanoa/.m2/repository/org/ccil/cowan/tagsoup/tagsoup/1.2.1/tagsoup-1.2.1.jar:/Users/cavendanoa/.m2/repository/io/rest-assured/json-path/3.0.7/json-path-3.0.7.jar:/Users/cavendanoa/.m2/repository/io/rest-assured/rest-assured-common/3.0.7/rest-assured-common-3.0.7.jar:/Users/cavendanoa/.m2/repository/io/rest-assured/xml-path/3.0.7/xml-path-3.0.7.jar:/Users/cavendanoa/.m2/repository/org/apache/commons/commons-lang3/3.7/commons-lang3-3.7.jar:/Users/cavendanoa/.m2/repository/javax/xml/bind/jaxb-api/2.3.0/jaxb-api-2.3.0.jar:/Users/cavendanoa/.m2/repository/io/rest-assured/spring-mock-mvc/3.0.7/spring-mock-mvc-3.0.7.jar:/Users/cavendanoa/.m2/repository/com/toomuchcoding/jsonassert/jsonassert/0.4.13/jsonassert-0.4.13.jar:/Users/cavendanoa/.m2/repository/cglib/cglib/3.2.9/cglib-3.2.9.jar:/Users/cavendanoa/.m2/repository/org/ow2/asm/asm/7.0/asm-7.0.jar:/Users/cavendanoa/.m2/repository/org/apache/ant/ant/1.10.3/ant-1.10.3.jar:/Users/cavendanoa/.m2/repository/org/apache/ant/ant-launcher/1.10.3/ant-launcher-1.10.3.jar:"/>
    <property name="sun.cpu.endian" value="little"/>
    <property name="user.home" value="/Users/cavendanoa"/>
    <property name="user.language" value="en"/>
    <property name="java.specification.vendor" value="Oracle Corporation"/>
    <property name="java.home" value="/Library/Java/JavaVirtualMachines/jdk1.8.0_202.jdk/Contents/Home/jre"/>
    <property name="basedir" value="/Users/cavendanoa/Documents/Carlos-Docs/order-processing-system/invoice-service"/>
    <property name="file.separator" value="/"/>
    <property name="line.separator" value="&#10;"/>
    <property name="java.vm.specification.vendor" value="Oracle Corporation"/>
    <property name="java.specification.name" value="Java Platform API Specification"/>
    <property name="java.awt.graphicsenv" value="sun.awt.CGraphicsEnvironment"/>
    <property name="surefire.real.class.path" value="/Users/cavendanoa/Documents/Carlos-Docs/order-processing-system/invoice-service/target/surefire/surefirebooter8683475724427092731.jar"/>
    <property name="sun.boot.class.path" value="/Library/Java/JavaVirtualMachines/jdk1.8.0_202.jdk/Contents/Home/jre/lib/resources.jar:/Library/Java/JavaVirtualMachines/jdk1.8.0_202.jdk/Contents/Home/jre/lib/rt.jar:/Library/Java/JavaVirtualMachines/jdk1.8.0_202.jdk/Contents/Home/jre/lib/sunrsasign.jar:/Library/Java/JavaVirtualMachines/jdk1.8.0_202.jdk/Contents/Home/jre/lib/jsse.jar:/Library/Java/JavaVirtualMachines/jdk1.8.0_202.jdk/Contents/Home/jre/lib/jce.jar:/Library/Java/JavaVirtualMachines/jdk1.8.0_202.jdk/Contents/Home/jre/lib/charsets.jar:/Library/Java/JavaVirtualMachines/jdk1.8.0_202.jdk/Contents/Home/jre/lib/jfr.jar:/Library/Java/JavaVirtualMachines/jdk1.8.0_202.jdk/Contents/Home/jre/classes"/>
    <property name="sun.management.compiler" value="HotSpot 64-Bit Tiered Compilers"/>
    <property name="ftp.nonProxyHosts" value="local|*.local|169.254/16|*.169.254/16"/>
    <property name="java.runtime.version" value="1.8.0_202-ea-b03"/>
    <property name="user.name" value="cavendanoa"/>
    <property name="path.separator" value=":"/>
    <property name="os.version" value="10.13.5"/>
    <property name="java.endorsed.dirs" value="/Library/Java/JavaVirtualMachines/jdk1.8.0_202.jdk/Contents/Home/jre/lib/endorsed"/>
    <property name="java.runtime.name" value="Java(TM) SE Runtime Environment"/>
    <property name="file.encoding" value="UTF-8"/>
    <property name="java.vm.name" value="Java HotSpot(TM) 64-Bit Server VM"/>
    <property name="localRepository" value="/Users/cavendanoa/.m2/repository"/>
    <property name="java.vendor.url.bug" value="http://bugreport.sun.com/bugreport/"/>
    <property name="java.io.tmpdir" value="/var/folders/x1/2y173hvj2x3fbt8dvlgn432xm4br4w/T/"/>
    <property name="java.version" value="1.8.0_202-ea"/>
    <property name="user.dir" value="/Users/cavendanoa/Documents/Carlos-Docs/order-processing-system/invoice-service"/>
    <property name="os.arch" value="x86_64"/>
    <property name="java.vm.specification.name" value="Java Virtual Machine Specification"/>
    <property name="java.awt.printerjob" value="sun.lwawt.macosx.CPrinterJob"/>
    <property name="sun.os.patch.level" value="unknown"/>
    <property name="java.library.path" value="/Users/cavendanoa/Library/Java/Extensions:/Library/Java/Extensions:/Network/Library/Java/Extensions:/System/Library/Java/Extensions:/usr/lib/java:."/>
    <property name="java.vm.info" value="mixed mode"/>
    <property name="java.vendor" value="Oracle Corporation"/>
    <property name="java.vm.version" value="25.202-b03"/>
    <property name="java.ext.dirs" value="/Users/cavendanoa/Library/Java/Extensions:/Library/Java/JavaVirtualMachines/jdk1.8.0_202.jdk/Contents/Home/jre/lib/ext:/Library/Java/Extensions:/Network/Library/Java/Extensions:/System/Library/Java/Extensions:/usr/lib/java"/>
    <property name="sun.io.unicode.encoding" value="UnicodeBig"/>
    <property name="java.class.version" value="52.0"/>
    <property name="socksNonProxyHosts" value="local|*.local|169.254/16|*.169.254/16"/>
  </properties>
  <testcase name="shouldSaveAndLoadInvoice" classname="org.ordersample.invoiceservice.repository.InvoiceRepositoryTest" time="0.986"/>
</testsuite>